2015-10-15 19:48:00 Error: [MissingControllerException] Controller class UsersController could not be found.
Exception Attributes: array (
  'class' => 'UsersController',
  'plugin' => NULL,
)
Request URL: /UniexpoAdmin/
Stack Trace:
#0 D:\xampp\htdocs\UniexpoAdmin\app\webroot\index.php(108): Dispatcher->dispatch(Object(CakeRequest), Object(CakeResponse))
#1 {main}
2015-10-15 19:55:26 Error: [MissingLayoutException] Layout file "D:\xampp\htdocs\UniexpoAdmin\app\View\Layouts\bootstrap.ctp" is missing.
Exception Attributes: array (
  'file' => 'D:\\xampp\\htdocs\\UniexpoAdmin\\app\\View\\Layouts\\bootstrap.ctp',
)
Request URL: /UniexpoAdmin/
Stack Trace:
#0 D:\xampp\htdocs\UniexpoAdmin\lib\Cake\View\View.php(514): View->_getLayoutFileName('bootstrap')
#1 D:\xampp\htdocs\UniexpoAdmin\lib\Cake\View\View.php(481): View->renderLayout('', 'bootstrap')
#2 D:\xampp\htdocs\UniexpoAdmin\lib\Cake\Controller\Controller.php(959): View->render(NULL, NULL)
#3 D:\xampp\htdocs\UniexpoAdmin\lib\Cake\Routing\Dispatcher.php(200): Controller->render()
#4 D:\xampp\htdocs\UniexpoAdmin\lib\Cake\Routing\Dispatcher.php(167): Dispatcher->_invoke(Object(UsersController), Object(CakeRequest))
#5 D:\xampp\htdocs\UniexpoAdmin\app\webroot\index.php(108): Dispatcher->dispatch(Object(CakeRequest), Object(CakeResponse))
#6 {main}
2015-10-15 19:55:51 Error: [MissingLayoutException] Layout file "D:\xampp\htdocs\UniexpoAdmin\app\View\Layouts\bootstrap.ctp" is missing.
Exception Attributes: array (
  'file' => 'D:\\xampp\\htdocs\\UniexpoAdmin\\app\\View\\Layouts\\bootstrap.ctp',
)
Request URL: /UniexpoAdmin/
Stack Trace:
#0 D:\xampp\htdocs\UniexpoAdmin\lib\Cake\View\View.php(514): View->_getLayoutFileName('bootstrap')
#1 D:\xampp\htdocs\UniexpoAdmin\lib\Cake\View\View.php(481): View->renderLayout('', 'bootstrap')
#2 D:\xampp\htdocs\UniexpoAdmin\lib\Cake\Controller\Controller.php(959): View->render(NULL, NULL)
#3 D:\xampp\htdocs\UniexpoAdmin\lib\Cake\Routing\Dispatcher.php(200): Controller->render()
#4 D:\xampp\htdocs\UniexpoAdmin\lib\Cake\Routing\Dispatcher.php(167): Dispatcher->_invoke(Object(UsersController), Object(CakeRequest))
#5 D:\xampp\htdocs\UniexpoAdmin\app\webroot\index.php(108): Dispatcher->dispatch(Object(CakeRequest), Object(CakeResponse))
#6 {main}
2015-10-15 19:55:52 Error: [MissingLayoutException] Layout file "D:\xampp\htdocs\UniexpoAdmin\app\View\Layouts\bootstrap.ctp" is missing.
Exception Attributes: array (
  'file' => 'D:\\xampp\\htdocs\\UniexpoAdmin\\app\\View\\Layouts\\bootstrap.ctp',
)
Request URL: /UniexpoAdmin/
Stack Trace:
#0 D:\xampp\htdocs\UniexpoAdmin\lib\Cake\View\View.php(514): View->_getLayoutFileName('bootstrap')
#1 D:\xampp\htdocs\UniexpoAdmin\lib\Cake\View\View.php(481): View->renderLayout('', 'bootstrap')
#2 D:\xampp\htdocs\UniexpoAdmin\lib\Cake\Controller\Controller.php(959): View->render(NULL, NULL)
#3 D:\xampp\htdocs\UniexpoAdmin\lib\Cake\Routing\Dispatcher.php(200): Controller->render()
#4 D:\xampp\htdocs\UniexpoAdmin\lib\Cake\Routing\Dispatcher.php(167): Dispatcher->_invoke(Object(UsersController), Object(CakeRequest))
#5 D:\xampp\htdocs\UniexpoAdmin\app\webroot\index.php(108): Dispatcher->dispatch(Object(CakeRequest), Object(CakeResponse))
#6 {main}
2015-10-15 20:01:15 Error: [MissingControllerException] Controller class Register.htmlController could not be found.
Exception Attributes: array (
  'class' => 'Register.htmlController',
  'plugin' => NULL,
)
Request URL: /UniexpoAdmin/register.html
Stack Trace:
#0 D:\xampp\htdocs\UniexpoAdmin\app\webroot\index.php(108): Dispatcher->dispatch(Object(CakeRequest), Object(CakeResponse))
#1 {main}
2015-10-15 20:46:31 Error: [MissingControllerException] Controller class Blank.htmlController could not be found.
Exception Attributes: array (
  'class' => 'Blank.htmlController',
  'plugin' => NULL,
)
Request URL: /UniexpoAdmin/blank.html
Stack Trace:
#0 D:\xampp\htdocs\UniexpoAdmin\app\webroot\index.php(108): Dispatcher->dispatch(Object(CakeRequest), Object(CakeResponse))
#1 {main}
2015-10-15 21:09:47 Error: [MissingControllerException] Controller class JsController could not be found.
Exception Attributes: array (
  'class' => 'JsController',
  'plugin' => NULL,
)
Request URL: /UniexpoAdmin/js/bootstrap.min.js
Stack Trace:
#0 D:\xampp\htdocs\UniexpoAdmin\app\webroot\index.php(108): Dispatcher->dispatch(Object(CakeRequest), Object(CakeResponse))
#1 {main}
2015-10-15 21:09:47 Error: [MissingControllerException] Controller class CssController could not be found.
Exception Attributes: array (
  'class' => 'CssController',
  'plugin' => NULL,
)
Request URL: /UniexpoAdmin/css/bootstrap.min.css
Stack Trace:
#0 D:\xampp\htdocs\UniexpoAdmin\app\webroot\index.php(108): Dispatcher->dispatch(Object(CakeRequest), Object(CakeResponse))
#1 {main}
2015-10-15 21:09:47 Error: [MissingControllerException] Controller class JsController could not be found.
Exception Attributes: array (
  'class' => 'JsController',
  'plugin' => NULL,
)
Request URL: /UniexpoAdmin/js/jquery.min.js
Stack Trace:
#0 D:\xampp\htdocs\UniexpoAdmin\app\webroot\index.php(108): Dispatcher->dispatch(Object(CakeRequest), Object(CakeResponse))
#1 {main}
2015-10-15 21:09:49 Error: [MissingControllerException] Controller class JsController could not be found.
Exception Attributes: array (
  'class' => 'JsController',
  'plugin' => NULL,
)
Request URL: /UniexpoAdmin/js/jquery.min.js
Stack Trace:
#0 D:\xampp\htdocs\UniexpoAdmin\app\webroot\index.php(108): Dispatcher->dispatch(Object(CakeRequest), Object(CakeResponse))
#1 {main}
2015-10-15 21:09:49 Error: [MissingControllerException] Controller class CssController could not be found.
Exception Attributes: array (
  'class' => 'CssController',
  'plugin' => NULL,
)
Request URL: /UniexpoAdmin/css/bootstrap.min.css
Stack Trace:
#0 D:\xampp\htdocs\UniexpoAdmin\app\webroot\index.php(108): Dispatcher->dispatch(Object(CakeRequest), Object(CakeResponse))
#1 {main}
2015-10-15 21:09:49 Error: [MissingControllerException] Controller class JsController could not be found.
Exception Attributes: array (
  'class' => 'JsController',
  'plugin' => NULL,
)
Request URL: /UniexpoAdmin/js/bootstrap.min.js
Stack Trace:
#0 D:\xampp\htdocs\UniexpoAdmin\app\webroot\index.php(108): Dispatcher->dispatch(Object(CakeRequest), Object(CakeResponse))
#1 {main}
2015-10-15 21:24:04 Error: Fatal Error (1): Call to undefined function utf8_ecode() in [D:\xampp\htdocs\UniexpoAdmin\app\View\Users\login.ctp, line 3]
2015-10-15 21:24:04 Error: [FatalErrorException] Call to undefined function utf8_ecode()
Request URL: /UniexpoAdmin/
Stack Trace:
#0 D:\xampp\htdocs\UniexpoAdmin\lib\Cake\Error\ErrorHandler.php(203): ErrorHandler::handleFatalError(1, 'Call to undefin...', 'D:\\xampp\\htdocs...', 3)
#1 [internal function]: ErrorHandler::handleError(1, 'Call to undefin...', 'D:\\xampp\\htdocs...', 3, Array)
#2 D:\xampp\htdocs\UniexpoAdmin\lib\Cake\Core\App.php(929): call_user_func('ErrorHandler::h...', 1, 'Call to undefin...', 'D:\\xampp\\htdocs...', 3, Array)
#3 D:\xampp\htdocs\UniexpoAdmin\lib\Cake\Core\App.php(902): App::_checkFatalError()
#4 [internal function]: App::shutdown()
#5 {main}
2015-10-15 21:34:37 Error: [MissingControllerException] Controller class Blank.htmlController could not be found.
Exception Attributes: array (
  'class' => 'Blank.htmlController',
  'plugin' => NULL,
)
Request URL: /UniexpoAdmin/blank.html
Stack Trace:
#0 D:\xampp\htdocs\UniexpoAdmin\app\webroot\index.php(108): Dispatcher->dispatch(Object(CakeRequest), Object(CakeResponse))
#1 {main}
2015-10-15 21:44:04 Error: [MissingViewException] View file "D:\xampp\htdocs\UniexpoAdmin\app\View\Users\perfil.ctp" is missing.
Exception Attributes: array (
  'file' => 'D:\\xampp\\htdocs\\UniexpoAdmin\\app\\View\\Users\\perfil.ctp',
)
Request URL: /UniexpoAdmin/Users/perfil
Stack Trace:
#0 D:\xampp\htdocs\UniexpoAdmin\lib\Cake\View\View.php(457): View->_getViewFileName(NULL)
#1 D:\xampp\htdocs\UniexpoAdmin\lib\Cake\Controller\Controller.php(952): View->render(NULL, NULL)
#2 D:\xampp\htdocs\UniexpoAdmin\lib\Cake\Routing\Dispatcher.php(192): Controller->render()
#3 D:\xampp\htdocs\UniexpoAdmin\lib\Cake\Routing\Dispatcher.php(160): Dispatcher->_invoke(Object(UsersController), Object(CakeRequest), Object(CakeResponse))
#4 D:\xampp\htdocs\UniexpoAdmin\app\webroot\index.php(108): Dispatcher->dispatch(Object(CakeRequest), Object(CakeResponse))
#5 {main}
2015-10-15 23:02:39 Error: [PDOException] SQLSTATE[23000]: Integrity constraint violation: 1452 Cannot add or update a child row: a foreign key constraint fails (`uniexpo_bd`.`users`, CONSTRAINT `FKusers604805` FOREIGN KEY (`course_id`) REFERENCES `courses` (`id`))
Request URL: /UniexpoAdmin/Users/add
Stack Trace:
#0 D:\xampp\htdocs\UniexpoAdmin\lib\Cake\Model\Datasource\DboSource.php(458): PDOStatement->execute(Array)
#1 D:\xampp\htdocs\UniexpoAdmin\lib\Cake\Model\Datasource\DboSource.php(424): DboSource->_execute('INSERT INTO `un...', Array)
#2 D:\xampp\htdocs\UniexpoAdmin\lib\Cake\Model\Datasource\DboSource.php(1003): DboSource->execute('INSERT INTO `un...')
#3 D:\xampp\htdocs\UniexpoAdmin\lib\Cake\Model\Model.php(1830): DboSource->create(Object(User), Array, Array)
#4 D:\xampp\htdocs\UniexpoAdmin\app\Controller\UsersController.php(140): Model->save(Array)
#5 [internal function]: UsersController->add()
#6 D:\xampp\htdocs\UniexpoAdmin\lib\Cake\Controller\Controller.php(490): ReflectionMethod->invokeArgs(Object(UsersController), Array)
#7 D:\xampp\htdocs\UniexpoAdmin\lib\Cake\Routing\Dispatcher.php(185): Controller->invokeAction(Object(CakeRequest))
#8 D:\xampp\htdocs\UniexpoAdmin\lib\Cake\Routing\Dispatcher.php(160): Dispatcher->_invoke(Object(UsersController), Object(CakeRequest), Object(CakeResponse))
#9 D:\xampp\htdocs\UniexpoAdmin\app\webroot\index.php(108): Dispatcher->dispatch(Object(CakeRequest), Object(CakeResponse))
#10 {main}
2015-10-15 23:04:58 Error: [PDOException] SQLSTATE[23000]: Integrity constraint violation: 1452 Cannot add or update a child row: a foreign key constraint fails (`uniexpo_bd`.`users`, CONSTRAINT `FKusers604805` FOREIGN KEY (`course_id`) REFERENCES `courses` (`id`))
Request URL: /UniexpoAdmin/Users/add
Stack Trace:
#0 D:\xampp\htdocs\UniexpoAdmin\lib\Cake\Model\Datasource\DboSource.php(458): PDOStatement->execute(Array)
#1 D:\xampp\htdocs\UniexpoAdmin\lib\Cake\Model\Datasource\DboSource.php(424): DboSource->_execute('INSERT INTO `un...', Array)
#2 D:\xampp\htdocs\UniexpoAdmin\lib\Cake\Model\Datasource\DboSource.php(1003): DboSource->execute('INSERT INTO `un...')
#3 D:\xampp\htdocs\UniexpoAdmin\lib\Cake\Model\Model.php(1830): DboSource->create(Object(User), Array, Array)
#4 D:\xampp\htdocs\UniexpoAdmin\app\Controller\UsersController.php(140): Model->save(Array)
#5 [internal function]: UsersController->add()
#6 D:\xampp\htdocs\UniexpoAdmin\lib\Cake\Controller\Controller.php(490): ReflectionMethod->invokeArgs(Object(UsersController), Array)
#7 D:\xampp\htdocs\UniexpoAdmin\lib\Cake\Routing\Dispatcher.php(185): Controller->invokeAction(Object(CakeRequest))
#8 D:\xampp\htdocs\UniexpoAdmin\lib\Cake\Routing\Dispatcher.php(160): Dispatcher->_invoke(Object(UsersController), Object(CakeRequest), Object(CakeResponse))
#9 D:\xampp\htdocs\UniexpoAdmin\app\webroot\index.php(108): Dispatcher->dispatch(Object(CakeRequest), Object(CakeResponse))
#10 {main}
2015-10-16 15:32:25 Error: [PDOException] SQLSTATE[23000]: Integrity constraint violation: 1452 Cannot add or update a child row: a foreign key constraint fails (`uniexpo_bd`.`users`, CONSTRAINT `FKusers604805` FOREIGN KEY (`course_id`) REFERENCES `courses` (`id`))
Request URL: /UniexpoAdmin/Users/add
Stack Trace:
#0 D:\xampp\htdocs\UniexpoAdmin\lib\Cake\Model\Datasource\DboSource.php(458): PDOStatement->execute(Array)
#1 D:\xampp\htdocs\UniexpoAdmin\lib\Cake\Model\Datasource\DboSource.php(424): DboSource->_execute('INSERT INTO `un...', Array)
#2 D:\xampp\htdocs\UniexpoAdmin\lib\Cake\Model\Datasource\DboSource.php(1003): DboSource->execute('INSERT INTO `un...')
#3 D:\xampp\htdocs\UniexpoAdmin\lib\Cake\Model\Model.php(1830): DboSource->create(Object(User), Array, Array)
#4 D:\xampp\htdocs\UniexpoAdmin\app\Controller\UsersController.php(140): Model->save(Array)
#5 [internal function]: UsersController->add()
#6 D:\xampp\htdocs\UniexpoAdmin\lib\Cake\Controller\Controller.php(490): ReflectionMethod->invokeArgs(Object(UsersController), Array)
#7 D:\xampp\htdocs\UniexpoAdmin\lib\Cake\Routing\Dispatcher.php(185): Controller->invokeAction(Object(CakeRequest))
#8 D:\xampp\htdocs\UniexpoAdmin\lib\Cake\Routing\Dispatcher.php(160): Dispatcher->_invoke(Object(UsersController), Object(CakeRequest), Object(CakeResponse))
#9 D:\xampp\htdocs\UniexpoAdmin\app\webroot\index.php(108): Dispatcher->dispatch(Object(CakeRequest), Object(CakeResponse))
#10 {main}
2015-10-16 15:34:07 Error: [PDOException] SQLSTATE[23000]: Integrity constraint violation: 1452 Cannot add or update a child row: a foreign key constraint fails (`uniexpo_bd`.`users`, CONSTRAINT `FKusers604805` FOREIGN KEY (`course_id`) REFERENCES `courses` (`id`))
Request URL: /UniexpoAdmin/Users/add
Stack Trace:
#0 D:\xampp\htdocs\UniexpoAdmin\lib\Cake\Model\Datasource\DboSource.php(458): PDOStatement->execute(Array)
#1 D:\xampp\htdocs\UniexpoAdmin\lib\Cake\Model\Datasource\DboSource.php(424): DboSource->_execute('INSERT INTO `un...', Array)
#2 D:\xampp\htdocs\UniexpoAdmin\lib\Cake\Model\Datasource\DboSource.php(1003): DboSource->execute('INSERT INTO `un...')
#3 D:\xampp\htdocs\UniexpoAdmin\lib\Cake\Model\Model.php(1830): DboSource->create(Object(User), Array, Array)
#4 D:\xampp\htdocs\UniexpoAdmin\app\Controller\UsersController.php(140): Model->save(Array)
#5 [internal function]: UsersController->add()
#6 D:\xampp\htdocs\UniexpoAdmin\lib\Cake\Controller\Controller.php(490): ReflectionMethod->invokeArgs(Object(UsersController), Array)
#7 D:\xampp\htdocs\UniexpoAdmin\lib\Cake\Routing\Dispatcher.php(185): Controller->invokeAction(Object(CakeRequest))
#8 D:\xampp\htdocs\UniexpoAdmin\lib\Cake\Routing\Dispatcher.php(160): Dispatcher->_invoke(Object(UsersController), Object(CakeRequest), Object(CakeResponse))
#9 D:\xampp\htdocs\UniexpoAdmin\app\webroot\index.php(108): Dispatcher->dispatch(Object(CakeRequest), Object(CakeResponse))
#10 {main}
2015-10-16 15:34:45 Error: [PDOException] SQLSTATE[23000]: Integrity constraint violation: 1452 Cannot add or update a child row: a foreign key constraint fails (`uniexpo_bd`.`users`, CONSTRAINT `FKusers604805` FOREIGN KEY (`course_id`) REFERENCES `courses` (`id`))
Request URL: /UniexpoAdmin/Users/add
Stack Trace:
#0 D:\xampp\htdocs\UniexpoAdmin\lib\Cake\Model\Datasource\DboSource.php(458): PDOStatement->execute(Array)
#1 D:\xampp\htdocs\UniexpoAdmin\lib\Cake\Model\Datasource\DboSource.php(424): DboSource->_execute('INSERT INTO `un...', Array)
#2 D:\xampp\htdocs\UniexpoAdmin\lib\Cake\Model\Datasource\DboSource.php(1003): DboSource->execute('INSERT INTO `un...')
#3 D:\xampp\htdocs\UniexpoAdmin\lib\Cake\Model\Model.php(1830): DboSource->create(Object(User), Array, Array)
#4 D:\xampp\htdocs\UniexpoAdmin\app\Controller\UsersController.php(140): Model->save(Array)
#5 [internal function]: UsersController->add()
#6 D:\xampp\htdocs\UniexpoAdmin\lib\Cake\Controller\Controller.php(490): ReflectionMethod->invokeArgs(Object(UsersController), Array)
#7 D:\xampp\htdocs\UniexpoAdmin\lib\Cake\Routing\Dispatcher.php(185): Controller->invokeAction(Object(CakeRequest))
#8 D:\xampp\htdocs\UniexpoAdmin\lib\Cake\Routing\Dispatcher.php(160): Dispatcher->_invoke(Object(UsersController), Object(CakeRequest), Object(CakeResponse))
#9 D:\xampp\htdocs\UniexpoAdmin\app\webroot\index.php(108): Dispatcher->dispatch(Object(CakeRequest), Object(CakeResponse))
#10 {main}
2015-10-16 15:44:55 Error: [MissingViewException] View file "D:\xampp\htdocs\UniexpoAdmin\app\View\Users\perfil.ctp" is missing.
Exception Attributes: array (
  'file' => 'D:\\xampp\\htdocs\\UniexpoAdmin\\app\\View\\Users\\perfil.ctp',
)
Request URL: /UniexpoAdmin/Users/perfil
Stack Trace:
#0 D:\xampp\htdocs\UniexpoAdmin\lib\Cake\View\View.php(457): View->_getViewFileName(NULL)
#1 D:\xampp\htdocs\UniexpoAdmin\lib\Cake\Controller\Controller.php(952): View->render(NULL, NULL)
#2 D:\xampp\htdocs\UniexpoAdmin\lib\Cake\Routing\Dispatcher.php(192): Controller->render()
#3 D:\xampp\htdocs\UniexpoAdmin\lib\Cake\Routing\Dispatcher.php(160): Dispatcher->_invoke(Object(UsersController), Object(CakeRequest), Object(CakeResponse))
#4 D:\xampp\htdocs\UniexpoAdmin\app\webroot\index.php(108): Dispatcher->dispatch(Object(CakeRequest), Object(CakeResponse))
#5 {main}
2015-10-16 16:32:25 Error: [MissingControllerException] Controller class ImgController could not be found.
Exception Attributes: array (
  'class' => 'ImgController',
  'plugin' => NULL,
)
Request URL: /UniexpoAdmin/img/facebook-icon.png
Stack Trace:
#0 D:\xampp\htdocs\UniexpoAdmin\app\webroot\index.php(108): Dispatcher->dispatch(Object(CakeRequest), Object(CakeResponse))
#1 {main}
2015-10-16 16:32:25 Error: [MissingControllerException] Controller class ImagesController could not be found.
Exception Attributes: array (
  'class' => 'ImagesController',
  'plugin' => NULL,
)
Request URL: /UniexpoAdmin/images/uploads/user_image/A_556.jpg
Stack Trace:
#0 D:\xampp\htdocs\UniexpoAdmin\app\webroot\index.php(108): Dispatcher->dispatch(Object(CakeRequest), Object(CakeResponse))
#1 {main}
2015-10-16 18:50:47 Error: [MissingViewException] View file "D:\xampp\htdocs\UniexpoAdmin\app\View\Usertypes\index.ctp" is missing.
Exception Attributes: array (
  'file' => 'D:\\xampp\\htdocs\\UniexpoAdmin\\app\\View\\Usertypes\\index.ctp',
)
Request URL: /UniexpoAdmin/Usertypes
Stack Trace:
#0 D:\xampp\htdocs\UniexpoAdmin\lib\Cake\View\View.php(457): View->_getViewFileName(NULL)
#1 D:\xampp\htdocs\UniexpoAdmin\lib\Cake\Controller\Controller.php(952): View->render(NULL, NULL)
#2 D:\xampp\htdocs\UniexpoAdmin\lib\Cake\Routing\Dispatcher.php(192): Controller->render()
#3 D:\xampp\htdocs\UniexpoAdmin\lib\Cake\Routing\Dispatcher.php(160): Dispatcher->_invoke(Object(UsertypesController), Object(CakeRequest), Object(CakeResponse))
#4 D:\xampp\htdocs\UniexpoAdmin\app\webroot\index.php(108): Dispatcher->dispatch(Object(CakeRequest), Object(CakeResponse))
#5 {main}
2015-10-16 19:34:07 Error: [MissingViewException] View file "D:\xampp\htdocs\UniexpoAdmin\app\View\Users\edit.ctp" is missing.
Exception Attributes: array (
  'file' => 'D:\\xampp\\htdocs\\UniexpoAdmin\\app\\View\\Users\\edit.ctp',
)
Request URL: /UniexpoAdmin/Users/edit/3
Stack Trace:
#0 D:\xampp\htdocs\UniexpoAdmin\lib\Cake\View\View.php(457): View->_getViewFileName(NULL)
#1 D:\xampp\htdocs\UniexpoAdmin\lib\Cake\Controller\Controller.php(952): View->render(NULL, NULL)
#2 D:\xampp\htdocs\UniexpoAdmin\lib\Cake\Routing\Dispatcher.php(192): Controller->render()
#3 D:\xampp\htdocs\UniexpoAdmin\lib\Cake\Routing\Dispatcher.php(160): Dispatcher->_invoke(Object(UsersController), Object(CakeRequest), Object(CakeResponse))
#4 D:\xampp\htdocs\UniexpoAdmin\app\webroot\index.php(108): Dispatcher->dispatch(Object(CakeRequest), Object(CakeResponse))
#5 {main}
2015-10-16 21:54:55 Error: [MissingViewException] View file "D:\xampp\htdocs\UniexpoAdmin\app\View\Users\index.ctp" is missing.
Exception Attributes: array (
  'file' => 'D:\\xampp\\htdocs\\UniexpoAdmin\\app\\View\\Users\\index.ctp',
)
Request URL: /UniexpoAdmin/Users
Stack Trace:
#0 D:\xampp\htdocs\UniexpoAdmin\lib\Cake\View\View.php(457): View->_getViewFileName(NULL)
#1 D:\xampp\htdocs\UniexpoAdmin\lib\Cake\Controller\Controller.php(952): View->render(NULL, NULL)
#2 D:\xampp\htdocs\UniexpoAdmin\lib\Cake\Routing\Dispatcher.php(192): Controller->render()
#3 D:\xampp\htdocs\UniexpoAdmin\lib\Cake\Routing\Dispatcher.php(160): Dispatcher->_invoke(Object(UsersController), Object(CakeRequest), Object(CakeResponse))
#4 D:\xampp\htdocs\UniexpoAdmin\app\webroot\index.php(108): Dispatcher->dispatch(Object(CakeRequest), Object(CakeResponse))
#5 {main}
2015-10-16 23:40:37 Error: [MissingActionException] Action UsersController::UniexpoAdmin() could not be found.
Exception Attributes: array (
  'controller' => 'UsersController',
  'action' => 'UniexpoAdmin',
)
Request URL: /UniexpoAdmin/Users/UniexpoAdmin//Users/login
Stack Trace:
#0 D:\xampp\htdocs\UniexpoAdmin\lib\Cake\Routing\Dispatcher.php(185): Controller->invokeAction(Object(CakeRequest))
#1 D:\xampp\htdocs\UniexpoAdmin\lib\Cake\Routing\Dispatcher.php(160): Dispatcher->_invoke(Object(UsersController), Object(CakeRequest), Object(CakeResponse))
#2 D:\xampp\htdocs\UniexpoAdmin\app\webroot\index.php(108): Dispatcher->dispatch(Object(CakeRequest), Object(CakeResponse))
#3 {main}
2015-10-16 23:40:46 Error: [MissingActionException] Action UsersController::UniexpoAdmin() could not be found.
Exception Attributes: array (
  'controller' => 'UsersController',
  'action' => 'UniexpoAdmin',
)
Request URL: /UniexpoAdmin/Users/UniexpoAdmin//Users/login
Stack Trace:
#0 D:\xampp\htdocs\UniexpoAdmin\lib\Cake\Routing\Dispatcher.php(185): Controller->invokeAction(Object(CakeRequest))
#1 D:\xampp\htdocs\UniexpoAdmin\lib\Cake\Routing\Dispatcher.php(160): Dispatcher->_invoke(Object(UsersController), Object(CakeRequest), Object(CakeResponse))
#2 D:\xampp\htdocs\UniexpoAdmin\app\webroot\index.php(108): Dispatcher->dispatch(Object(CakeRequest), Object(CakeResponse))
#3 {main}
2015-10-16 23:40:48 Error: [MissingActionException] Action UsersController::UniexpoAdmin() could not be found.
Exception Attributes: array (
  'controller' => 'UsersController',
  'action' => 'UniexpoAdmin',
)
Request URL: /UniexpoAdmin/Users/UniexpoAdmin//Users/login
Stack Trace:
#0 D:\xampp\htdocs\UniexpoAdmin\lib\Cake\Routing\Dispatcher.php(185): Controller->invokeAction(Object(CakeRequest))
#1 D:\xampp\htdocs\UniexpoAdmin\lib\Cake\Routing\Dispatcher.php(160): Dispatcher->_invoke(Object(UsersController), Object(CakeRequest), Object(CakeResponse))
#2 D:\xampp\htdocs\UniexpoAdmin\app\webroot\index.php(108): Dispatcher->dispatch(Object(CakeRequest), Object(CakeResponse))
#3 {main}
2015-10-16 23:42:55 Error: [MissingControllerException] Controller class PerfilController could not be found.
Exception Attributes: array (
  'class' => 'PerfilController',
  'plugin' => NULL,
)
Request URL: /UniexpoAdmin/perfil
Stack Trace:
#0 D:\xampp\htdocs\UniexpoAdmin\app\webroot\index.php(108): Dispatcher->dispatch(Object(CakeRequest), Object(CakeResponse))
#1 {main}
2015-10-17 00:07:33 Error: [PDOException] SQLSTATE[23000]: Integrity constraint violation: 1452 Cannot add or update a child row: a foreign key constraint fails (`uniexpo_bd`.`users`, CONSTRAINT `FKusers479149` FOREIGN KEY (`semester_id`) REFERENCES `semesters` (`id`))
Request URL: /UniexpoAdmin/Users/edit/2
Stack Trace:
#0 D:\xampp\htdocs\UniexpoAdmin\lib\Cake\Model\Datasource\DboSource.php(458): PDOStatement->execute(Array)
#1 D:\xampp\htdocs\UniexpoAdmin\lib\Cake\Model\Datasource\DboSource.php(424): DboSource->_execute('UPDATE `uniexpo...', Array)
#2 D:\xampp\htdocs\UniexpoAdmin\lib\Cake\Model\Datasource\Database\Mysql.php(400): DboSource->execute('UPDATE `uniexpo...')
#3 D:\xampp\htdocs\UniexpoAdmin\lib\Cake\Model\Model.php(1819): Mysql->update(Object(User), Array, Array)
#4 D:\xampp\htdocs\UniexpoAdmin\app\Controller\UsersController.php(176): Model->save(Array)
#5 [internal function]: UsersController->edit('2')
#6 D:\xampp\htdocs\UniexpoAdmin\lib\Cake\Controller\Controller.php(490): ReflectionMethod->invokeArgs(Object(UsersController), Array)
#7 D:\xampp\htdocs\UniexpoAdmin\lib\Cake\Routing\Dispatcher.php(185): Controller->invokeAction(Object(CakeRequest))
#8 D:\xampp\htdocs\UniexpoAdmin\lib\Cake\Routing\Dispatcher.php(160): Dispatcher->_invoke(Object(UsersController), Object(CakeRequest), Object(CakeResponse))
#9 D:\xampp\htdocs\UniexpoAdmin\app\webroot\index.php(108): Dispatcher->dispatch(Object(CakeRequest), Object(CakeResponse))
#10 {main}
2015-10-17 00:12:02 Error: [MissingViewException] View file "D:\xampp\htdocs\UniexpoAdmin\app\View\Projects\index.ctp" is missing.
Exception Attributes: array (
  'file' => 'D:\\xampp\\htdocs\\UniexpoAdmin\\app\\View\\Projects\\index.ctp',
)
Request URL: /UniexpoAdmin/Projects
Stack Trace:
#0 D:\xampp\htdocs\UniexpoAdmin\lib\Cake\View\View.php(457): View->_getViewFileName(NULL)
#1 D:\xampp\htdocs\UniexpoAdmin\lib\Cake\Controller\Controller.php(952): View->render(NULL, NULL)
#2 D:\xampp\htdocs\UniexpoAdmin\lib\Cake\Routing\Dispatcher.php(192): Controller->render()
#3 D:\xampp\htdocs\UniexpoAdmin\lib\Cake\Routing\Dispatcher.php(160): Dispatcher->_invoke(Object(ProjectsController), Object(CakeRequest), Object(CakeResponse))
#4 D:\xampp\htdocs\UniexpoAdmin\app\webroot\index.php(108): Dispatcher->dispatch(Object(CakeRequest), Object(CakeResponse))
#5 {main}
2015-10-17 00:14:10 Error: [PDOException] SQLSTATE[23000]: Integrity constraint violation: 1452 Cannot add or update a child row: a foreign key constraint fails (`uniexpo_bd`.`users`, CONSTRAINT `FKusers479149` FOREIGN KEY (`semester_id`) REFERENCES `semesters` (`id`))
Request URL: /UniexpoAdmin/Users/edit/2
Stack Trace:
#0 D:\xampp\htdocs\UniexpoAdmin\lib\Cake\Model\Datasource\DboSource.php(458): PDOStatement->execute(Array)
#1 D:\xampp\htdocs\UniexpoAdmin\lib\Cake\Model\Datasource\DboSource.php(424): DboSource->_execute('UPDATE `uniexpo...', Array)
#2 D:\xampp\htdocs\UniexpoAdmin\lib\Cake\Model\Datasource\Database\Mysql.php(400): DboSource->execute('UPDATE `uniexpo...')
#3 D:\xampp\htdocs\UniexpoAdmin\lib\Cake\Model\Model.php(1819): Mysql->update(Object(User), Array, Array)
#4 D:\xampp\htdocs\UniexpoAdmin\app\Controller\UsersController.php(176): Model->save(Array)
#5 [internal function]: UsersController->edit('2')
#6 D:\xampp\htdocs\UniexpoAdmin\lib\Cake\Controller\Controller.php(490): ReflectionMethod->invokeArgs(Object(UsersController), Array)
#7 D:\xampp\htdocs\UniexpoAdmin\lib\Cake\Routing\Dispatcher.php(185): Controller->invokeAction(Object(CakeRequest))
#8 D:\xampp\htdocs\UniexpoAdmin\lib\Cake\Routing\Dispatcher.php(160): Dispatcher->_invoke(Object(UsersController), Object(CakeRequest), Object(CakeResponse))
#9 D:\xampp\htdocs\UniexpoAdmin\app\webroot\index.php(108): Dispatcher->dispatch(Object(CakeRequest), Object(CakeResponse))
#10 {main}
2015-10-17 00:15:33 Error: [MissingViewException] View file "D:\xampp\htdocs\UniexpoAdmin\app\View\Users\view.ctp" is missing.
Exception Attributes: array (
  'file' => 'D:\\xampp\\htdocs\\UniexpoAdmin\\app\\View\\Users\\view.ctp',
)
Request URL: /UniexpoAdmin/Users/view/3
Stack Trace:
#0 D:\xampp\htdocs\UniexpoAdmin\lib\Cake\View\View.php(457): View->_getViewFileName(NULL)
#1 D:\xampp\htdocs\UniexpoAdmin\lib\Cake\Controller\Controller.php(952): View->render(NULL, NULL)
#2 D:\xampp\htdocs\UniexpoAdmin\lib\Cake\Routing\Dispatcher.php(192): Controller->render()
#3 D:\xampp\htdocs\UniexpoAdmin\lib\Cake\Routing\Dispatcher.php(160): Dispatcher->_invoke(Object(UsersController), Object(CakeRequest), Object(CakeResponse))
#4 D:\xampp\htdocs\UniexpoAdmin\app\webroot\index.php(108): Dispatcher->dispatch(Object(CakeRequest), Object(CakeResponse))
#5 {main}
2015-10-17 01:13:58 Error: Fatal Error (1): Call to a member function find() on null in [D:\xampp\htdocs\UniexpoAdmin\app\Controller\ResumesController.php, line 55]
2015-10-17 01:13:58 Error: [FatalErrorException] Call to a member function find() on null
Request URL: /UniexpoAdmin/Resumes
Stack Trace:
#0 D:\xampp\htdocs\UniexpoAdmin\lib\Cake\Error\ErrorHandler.php(203): ErrorHandler::handleFatalError(1, 'Call to a membe...', 'D:\\xampp\\htdocs...', 55)
#1 [internal function]: ErrorHandler::handleError(1, 'Call to a membe...', 'D:\\xampp\\htdocs...', 55, Array)
#2 D:\xampp\htdocs\UniexpoAdmin\lib\Cake\Core\App.php(929): call_user_func('ErrorHandler::h...', 1, 'Call to a membe...', 'D:\\xampp\\htdocs...', 55, Array)
#3 D:\xampp\htdocs\UniexpoAdmin\lib\Cake\Core\App.php(902): App::_checkFatalError()
#4 [internal function]: App::shutdown()
#5 {main}
2015-10-17 01:22:15 Error: [MissingViewException] View file "D:\xampp\htdocs\UniexpoAdmin\app\View\Resumes\add.ctp" is missing.
Exception Attributes: array (
  'file' => 'D:\\xampp\\htdocs\\UniexpoAdmin\\app\\View\\Resumes\\add.ctp',
)
Request URL: /UniexpoAdmin/Resumes/add
Stack Trace:
#0 D:\xampp\htdocs\UniexpoAdmin\lib\Cake\View\View.php(457): View->_getViewFileName(NULL)
#1 D:\xampp\htdocs\UniexpoAdmin\lib\Cake\Controller\Controller.php(952): View->render(NULL, NULL)
#2 D:\xampp\htdocs\UniexpoAdmin\lib\Cake\Routing\Dispatcher.php(192): Controller->render()
#3 D:\xampp\htdocs\UniexpoAdmin\lib\Cake\Routing\Dispatcher.php(160): Dispatcher->_invoke(Object(ResumesController), Object(CakeRequest), Object(CakeResponse))
#4 D:\xampp\htdocs\UniexpoAdmin\app\webroot\index.php(108): Dispatcher->dispatch(Object(CakeRequest), Object(CakeResponse))
#5 {main}
2015-10-17 01:47:28 Error: [MissingViewException] View file "D:\xampp\htdocs\UniexpoAdmin\app\View\Socials\index.ctp" is missing.
Exception Attributes: array (
  'file' => 'D:\\xampp\\htdocs\\UniexpoAdmin\\app\\View\\Socials\\index.ctp',
)
Request URL: /UniexpoAdmin/Socials
Stack Trace:
#0 D:\xampp\htdocs\UniexpoAdmin\lib\Cake\View\View.php(457): View->_getViewFileName(NULL)
#1 D:\xampp\htdocs\UniexpoAdmin\lib\Cake\Controller\Controller.php(952): View->render(NULL, NULL)
#2 D:\xampp\htdocs\UniexpoAdmin\lib\Cake\Routing\Dispatcher.php(192): Controller->render()
#3 D:\xampp\htdocs\UniexpoAdmin\lib\Cake\Routing\Dispatcher.php(160): Dispatcher->_invoke(Object(SocialsController), Object(CakeRequest), Object(CakeResponse))
#4 D:\xampp\htdocs\UniexpoAdmin\app\webroot\index.php(108): Dispatcher->dispatch(Object(CakeRequest), Object(CakeResponse))
#5 {main}
2015-10-17 01:48:35 Error: [MissingViewException] View file "D:\xampp\htdocs\UniexpoAdmin\app\View\Archives\index.ctp" is missing.
Exception Attributes: array (
  'file' => 'D:\\xampp\\htdocs\\UniexpoAdmin\\app\\View\\Archives\\index.ctp',
)
Request URL: /UniexpoAdmin/Archives
Stack Trace:
#0 D:\xampp\htdocs\UniexpoAdmin\lib\Cake\View\View.php(457): View->_getViewFileName(NULL)
#1 D:\xampp\htdocs\UniexpoAdmin\lib\Cake\Controller\Controller.php(952): View->render(NULL, NULL)
#2 D:\xampp\htdocs\UniexpoAdmin\lib\Cake\Routing\Dispatcher.php(192): Controller->render()
#3 D:\xampp\htdocs\UniexpoAdmin\lib\Cake\Routing\Dispatcher.php(160): Dispatcher->_invoke(Object(ArchivesController), Object(CakeRequest), Object(CakeResponse))
#4 D:\xampp\htdocs\UniexpoAdmin\app\webroot\index.php(108): Dispatcher->dispatch(Object(CakeRequest), Object(CakeResponse))
#5 {main}
2015-10-17 01:50:48 Error: [MissingViewException] View file "D:\xampp\htdocs\UniexpoAdmin\app\View\Projects\index.ctp" is missing.
Exception Attributes: array (
  'file' => 'D:\\xampp\\htdocs\\UniexpoAdmin\\app\\View\\Projects\\index.ctp',
)
Request URL: /UniexpoAdmin/Projects
Stack Trace:
#0 D:\xampp\htdocs\UniexpoAdmin\lib\Cake\View\View.php(457): View->_getViewFileName(NULL)
#1 D:\xampp\htdocs\UniexpoAdmin\lib\Cake\Controller\Controller.php(952): View->render(NULL, NULL)
#2 D:\xampp\htdocs\UniexpoAdmin\lib\Cake\Routing\Dispatcher.php(192): Controller->render()
#3 D:\xampp\htdocs\UniexpoAdmin\lib\Cake\Routing\Dispatcher.php(160): Dispatcher->_invoke(Object(ProjectsController), Object(CakeRequest), Object(CakeResponse))
#4 D:\xampp\htdocs\UniexpoAdmin\app\webroot\index.php(108): Dispatcher->dispatch(Object(CakeRequest), Object(CakeResponse))
#5 {main}
2015-10-17 02:49:18 Error: [MissingViewException] View file "D:\xampp\htdocs\UniexpoAdmin\app\View\Projects\view.ctp" is missing.
Exception Attributes: array (
  'file' => 'D:\\xampp\\htdocs\\UniexpoAdmin\\app\\View\\Projects\\view.ctp',
)
Request URL: /UniexpoAdmin/Projects/view/1/2
Stack Trace:
#0 D:\xampp\htdocs\UniexpoAdmin\lib\Cake\View\View.php(457): View->_getViewFileName(NULL)
#1 D:\xampp\htdocs\UniexpoAdmin\lib\Cake\Controller\Controller.php(952): View->render(NULL, NULL)
#2 D:\xampp\htdocs\UniexpoAdmin\lib\Cake\Routing\Dispatcher.php(192): Controller->render()
#3 D:\xampp\htdocs\UniexpoAdmin\lib\Cake\Routing\Dispatcher.php(160): Dispatcher->_invoke(Object(ProjectsController), Object(CakeRequest), Object(CakeResponse))
#4 D:\xampp\htdocs\UniexpoAdmin\app\webroot\index.php(108): Dispatcher->dispatch(Object(CakeRequest), Object(CakeResponse))
#5 {main}
2015-10-17 03:15:27 Error: [MissingViewException] View file "D:\xampp\htdocs\UniexpoAdmin\app\View\UserImages\edit.ctp" is missing.
Exception Attributes: array (
  'file' => 'D:\\xampp\\htdocs\\UniexpoAdmin\\app\\View\\UserImages\\edit.ctp',
)
Request URL: /UniexpoAdmin/UserImages/edit/3
Stack Trace:
#0 D:\xampp\htdocs\UniexpoAdmin\lib\Cake\View\View.php(457): View->_getViewFileName(NULL)
#1 D:\xampp\htdocs\UniexpoAdmin\lib\Cake\Controller\Controller.php(952): View->render(NULL, NULL)
#2 D:\xampp\htdocs\UniexpoAdmin\lib\Cake\Routing\Dispatcher.php(192): Controller->render()
#3 D:\xampp\htdocs\UniexpoAdmin\lib\Cake\Routing\Dispatcher.php(160): Dispatcher->_invoke(Object(UserImagesController), Object(CakeRequest), Object(CakeResponse))
#4 D:\xampp\htdocs\UniexpoAdmin\app\webroot\index.php(108): Dispatcher->dispatch(Object(CakeRequest), Object(CakeResponse))
#5 {main}
2015-10-17 03:43:49 Error: [MissingViewException] View file "D:\xampp\htdocs\UniexpoAdmin\app\View\Socials\index.ctp" is missing.
Exception Attributes: array (
  'file' => 'D:\\xampp\\htdocs\\UniexpoAdmin\\app\\View\\Socials\\index.ctp',
)
Request URL: /UniexpoAdmin/Socials
Stack Trace:
#0 D:\xampp\htdocs\UniexpoAdmin\lib\Cake\View\View.php(457): View->_getViewFileName(NULL)
#1 D:\xampp\htdocs\UniexpoAdmin\lib\Cake\Controller\Controller.php(952): View->render(NULL, NULL)
#2 D:\xampp\htdocs\UniexpoAdmin\lib\Cake\Routing\Dispatcher.php(192): Controller->render()
#3 D:\xampp\htdocs\UniexpoAdmin\lib\Cake\Routing\Dispatcher.php(160): Dispatcher->_invoke(Object(SocialsController), Object(CakeRequest), Object(CakeResponse))
#4 D:\xampp\htdocs\UniexpoAdmin\app\webroot\index.php(108): Dispatcher->dispatch(Object(CakeRequest), Object(CakeResponse))
#5 {main}
2015-10-17 18:31:10 Error: [MissingViewException] View file "D:\xampp\htdocs\UniexpoAdmin\app\View\SkillUsers\index.ctp" is missing.
Exception Attributes: array (
  'file' => 'D:\\xampp\\htdocs\\UniexpoAdmin\\app\\View\\SkillUsers\\index.ctp',
)
Request URL: /UniexpoAdmin/SkillUsers
Stack Trace:
#0 D:\xampp\htdocs\UniexpoAdmin\lib\Cake\View\View.php(457): View->_getViewFileName(NULL)
#1 D:\xampp\htdocs\UniexpoAdmin\lib\Cake\Controller\Controller.php(952): View->render(NULL, NULL)
#2 D:\xampp\htdocs\UniexpoAdmin\lib\Cake\Routing\Dispatcher.php(192): Controller->render()
#3 D:\xampp\htdocs\UniexpoAdmin\lib\Cake\Routing\Dispatcher.php(160): Dispatcher->_invoke(Object(SkillUsersController), Object(CakeRequest), Object(CakeResponse))
#4 D:\xampp\htdocs\UniexpoAdmin\app\webroot\index.php(108): Dispatcher->dispatch(Object(CakeRequest), Object(CakeResponse))
#5 {main}
2015-10-17 18:31:13 Error: [MissingViewException] View file "D:\xampp\htdocs\UniexpoAdmin\app\View\Skills\index.ctp" is missing.
Exception Attributes: array (
  'file' => 'D:\\xampp\\htdocs\\UniexpoAdmin\\app\\View\\Skills\\index.ctp',
)
Request URL: /UniexpoAdmin/Skills
Stack Trace:
#0 D:\xampp\htdocs\UniexpoAdmin\lib\Cake\View\View.php(457): View->_getViewFileName(NULL)
#1 D:\xampp\htdocs\UniexpoAdmin\lib\Cake\Controller\Controller.php(952): View->render(NULL, NULL)
#2 D:\xampp\htdocs\UniexpoAdmin\lib\Cake\Routing\Dispatcher.php(192): Controller->render()
#3 D:\xampp\htdocs\UniexpoAdmin\lib\Cake\Routing\Dispatcher.php(160): Dispatcher->_invoke(Object(SkillsController), Object(CakeRequest), Object(CakeResponse))
#4 D:\xampp\htdocs\UniexpoAdmin\app\webroot\index.php(108): Dispatcher->dispatch(Object(CakeRequest), Object(CakeResponse))
#5 {main}
2015-10-17 19:08:35 Error: [MissingViewException] View file "D:\xampp\htdocs\UniexpoAdmin\app\View\Skills\index.ctp" is missing.
Exception Attributes: array (
  'file' => 'D:\\xampp\\htdocs\\UniexpoAdmin\\app\\View\\Skills\\index.ctp',
)
Request URL: /UniexpoAdmin/Skills
Stack Trace:
#0 D:\xampp\htdocs\UniexpoAdmin\lib\Cake\View\View.php(457): View->_getViewFileName(NULL)
#1 D:\xampp\htdocs\UniexpoAdmin\lib\Cake\Controller\Controller.php(952): View->render(NULL, NULL)
#2 D:\xampp\htdocs\UniexpoAdmin\lib\Cake\Routing\Dispatcher.php(192): Controller->render()
#3 D:\xampp\htdocs\UniexpoAdmin\lib\Cake\Routing\Dispatcher.php(160): Dispatcher->_invoke(Object(SkillsController), Object(CakeRequest), Object(CakeResponse))
#4 D:\xampp\htdocs\UniexpoAdmin\app\webroot\index.php(108): Dispatcher->dispatch(Object(CakeRequest), Object(CakeResponse))
#5 {main}
2015-10-17 19:25:39 Error: [MissingViewException] View file "D:\xampp\htdocs\UniexpoAdmin\app\View\Archives\index.ctp" is missing.
Exception Attributes: array (
  'file' => 'D:\\xampp\\htdocs\\UniexpoAdmin\\app\\View\\Archives\\index.ctp',
)
Request URL: /UniexpoAdmin/Archives
Stack Trace:
#0 D:\xampp\htdocs\UniexpoAdmin\lib\Cake\View\View.php(457): View->_getViewFileName(NULL)
#1 D:\xampp\htdocs\UniexpoAdmin\lib\Cake\Controller\Controller.php(952): View->render(NULL, NULL)
#2 D:\xampp\htdocs\UniexpoAdmin\lib\Cake\Routing\Dispatcher.php(192): Controller->render()
#3 D:\xampp\htdocs\UniexpoAdmin\lib\Cake\Routing\Dispatcher.php(160): Dispatcher->_invoke(Object(ArchivesController), Object(CakeRequest), Object(CakeResponse))
#4 D:\xampp\htdocs\UniexpoAdmin\app\webroot\index.php(108): Dispatcher->dispatch(Object(CakeRequest), Object(CakeResponse))
#5 {main}
2015-10-17 19:29:12 Error: [MissingViewException] View file "D:\xampp\htdocs\UniexpoAdmin\app\View\SkillUsers\index.ctp" is missing.
Exception Attributes: array (
  'file' => 'D:\\xampp\\htdocs\\UniexpoAdmin\\app\\View\\SkillUsers\\index.ctp',
)
Request URL: /UniexpoAdmin/SkillUsers
Stack Trace:
#0 D:\xampp\htdocs\UniexpoAdmin\lib\Cake\View\View.php(457): View->_getViewFileName(NULL)
#1 D:\xampp\htdocs\UniexpoAdmin\lib\Cake\Controller\Controller.php(952): View->render(NULL, NULL)
#2 D:\xampp\htdocs\UniexpoAdmin\lib\Cake\Routing\Dispatcher.php(192): Controller->render()
#3 D:\xampp\htdocs\UniexpoAdmin\lib\Cake\Routing\Dispatcher.php(160): Dispatcher->_invoke(Object(SkillUsersController), Object(CakeRequest), Object(CakeResponse))
#4 D:\xampp\htdocs\UniexpoAdmin\app\webroot\index.php(108): Dispatcher->dispatch(Object(CakeRequest), Object(CakeResponse))
#5 {main}
2015-10-17 19:47:56 Error: [MissingViewException] View file "D:\xampp\htdocs\UniexpoAdmin\app\View\ProjectImages\add.ctp" is missing.
Exception Attributes: array (
  'file' => 'D:\\xampp\\htdocs\\UniexpoAdmin\\app\\View\\ProjectImages\\add.ctp',
)
Request URL: /UniexpoAdmin/ProjectImages/add/1/2
Stack Trace:
#0 D:\xampp\htdocs\UniexpoAdmin\lib\Cake\View\View.php(457): View->_getViewFileName(NULL)
#1 D:\xampp\htdocs\UniexpoAdmin\lib\Cake\Controller\Controller.php(952): View->render(NULL, NULL)
#2 D:\xampp\htdocs\UniexpoAdmin\lib\Cake\Routing\Dispatcher.php(192): Controller->render()
#3 D:\xampp\htdocs\UniexpoAdmin\lib\Cake\Routing\Dispatcher.php(160): Dispatcher->_invoke(Object(ProjectImagesController), Object(CakeRequest), Object(CakeResponse))
#4 D:\xampp\htdocs\UniexpoAdmin\app\webroot\index.php(108): Dispatcher->dispatch(Object(CakeRequest), Object(CakeResponse))
#5 {main}
2015-10-17 19:47:58 Error: [MissingViewException] View file "D:\xampp\htdocs\UniexpoAdmin\app\View\Movies\add.ctp" is missing.
Exception Attributes: array (
  'file' => 'D:\\xampp\\htdocs\\UniexpoAdmin\\app\\View\\Movies\\add.ctp',
)
Request URL: /UniexpoAdmin/Movies/add/1/2
Stack Trace:
#0 D:\xampp\htdocs\UniexpoAdmin\lib\Cake\View\View.php(457): View->_getViewFileName(NULL)
#1 D:\xampp\htdocs\UniexpoAdmin\lib\Cake\Controller\Controller.php(952): View->render(NULL, NULL)
#2 D:\xampp\htdocs\UniexpoAdmin\lib\Cake\Routing\Dispatcher.php(192): Controller->render()
#3 D:\xampp\htdocs\UniexpoAdmin\lib\Cake\Routing\Dispatcher.php(160): Dispatcher->_invoke(Object(MoviesController), Object(CakeRequest), Object(CakeResponse))
#4 D:\xampp\htdocs\UniexpoAdmin\app\webroot\index.php(108): Dispatcher->dispatch(Object(CakeRequest), Object(CakeResponse))
#5 {main}
2015-10-17 19:48:19 Error: [MissingViewException] View file "D:\xampp\htdocs\UniexpoAdmin\app\View\Archives\add.ctp" is missing.
Exception Attributes: array (
  'file' => 'D:\\xampp\\htdocs\\UniexpoAdmin\\app\\View\\Archives\\add.ctp',
)
Request URL: /UniexpoAdmin/Archives/add/9/2
Stack Trace:
#0 D:\xampp\htdocs\UniexpoAdmin\lib\Cake\View\View.php(457): View->_getViewFileName(NULL)
#1 D:\xampp\htdocs\UniexpoAdmin\lib\Cake\Controller\Controller.php(952): View->render(NULL, NULL)
#2 D:\xampp\htdocs\UniexpoAdmin\lib\Cake\Routing\Dispatcher.php(192): Controller->render()
#3 D:\xampp\htdocs\UniexpoAdmin\lib\Cake\Routing\Dispatcher.php(160): Dispatcher->_invoke(Object(ArchivesController), Object(CakeRequest), Object(CakeResponse))
#4 D:\xampp\htdocs\UniexpoAdmin\app\webroot\index.php(108): Dispatcher->dispatch(Object(CakeRequest), Object(CakeResponse))
#5 {main}
2015-10-17 19:48:23 Error: [MissingViewException] View file "D:\xampp\htdocs\UniexpoAdmin\app\View\Archives\index.ctp" is missing.
Exception Attributes: array (
  'file' => 'D:\\xampp\\htdocs\\UniexpoAdmin\\app\\View\\Archives\\index.ctp',
)
Request URL: /UniexpoAdmin/Archives
Stack Trace:
#0 D:\xampp\htdocs\UniexpoAdmin\lib\Cake\View\View.php(457): View->_getViewFileName(NULL)
#1 D:\xampp\htdocs\UniexpoAdmin\lib\Cake\Controller\Controller.php(952): View->render(NULL, NULL)
#2 D:\xampp\htdocs\UniexpoAdmin\lib\Cake\Routing\Dispatcher.php(192): Controller->render()
#3 D:\xampp\htdocs\UniexpoAdmin\lib\Cake\Routing\Dispatcher.php(160): Dispatcher->_invoke(Object(ArchivesController), Object(CakeRequest), Object(CakeResponse))
#4 D:\xampp\htdocs\UniexpoAdmin\app\webroot\index.php(108): Dispatcher->dispatch(Object(CakeRequest), Object(CakeResponse))
#5 {main}
2015-10-17 21:03:19 Error: [MissingViewException] View file "D:\xampp\htdocs\UniexpoAdmin\app\View\Archives\index.ctp" is missing.
Exception Attributes: array (
  'file' => 'D:\\xampp\\htdocs\\UniexpoAdmin\\app\\View\\Archives\\index.ctp',
)
Request URL: /UniexpoAdmin/Archives
Stack Trace:
#0 D:\xampp\htdocs\UniexpoAdmin\lib\Cake\View\View.php(457): View->_getViewFileName(NULL)
#1 D:\xampp\htdocs\UniexpoAdmin\lib\Cake\Controller\Controller.php(952): View->render(NULL, NULL)
#2 D:\xampp\htdocs\UniexpoAdmin\lib\Cake\Routing\Dispatcher.php(192): Controller->render()
#3 D:\xampp\htdocs\UniexpoAdmin\lib\Cake\Routing\Dispatcher.php(160): Dispatcher->_invoke(Object(ArchivesController), Object(CakeRequest), Object(CakeResponse))
#4 D:\xampp\htdocs\UniexpoAdmin\app\webroot\index.php(108): Dispatcher->dispatch(Object(CakeRequest), Object(CakeResponse))
#5 {main}
2015-10-17 23:12:31 Error: [NotFoundException] Projeto est치 inv치lido.
Request URL: /UniexpoAdmin/Projects/view
Stack Trace:
#0 [internal function]: ProjectsController->view()
#1 D:\xampp\htdocs\UniexpoAdmin\lib\Cake\Controller\Controller.php(490): ReflectionMethod->invokeArgs(Object(ProjectsController), Array)
#2 D:\xampp\htdocs\UniexpoAdmin\lib\Cake\Routing\Dispatcher.php(185): Controller->invokeAction(Object(CakeRequest))
#3 D:\xampp\htdocs\UniexpoAdmin\lib\Cake\Routing\Dispatcher.php(160): Dispatcher->_invoke(Object(ProjectsController), Object(CakeRequest), Object(CakeResponse))
#4 D:\xampp\htdocs\UniexpoAdmin\app\webroot\index.php(108): Dispatcher->dispatch(Object(CakeRequest), Object(CakeResponse))
#5 {main}
2015-10-17 23:12:41 Error: [NotFoundException] Projeto est치 inv치lido.
Request URL: /UniexpoAdmin/Projects/view
Stack Trace:
#0 [internal function]: ProjectsController->view()
#1 D:\xampp\htdocs\UniexpoAdmin\lib\Cake\Controller\Controller.php(490): ReflectionMethod->invokeArgs(Object(ProjectsController), Array)
#2 D:\xampp\htdocs\UniexpoAdmin\lib\Cake\Routing\Dispatcher.php(185): Controller->invokeAction(Object(CakeRequest))
#3 D:\xampp\htdocs\UniexpoAdmin\lib\Cake\Routing\Dispatcher.php(160): Dispatcher->_invoke(Object(ProjectsController), Object(CakeRequest), Object(CakeResponse))
#4 D:\xampp\htdocs\UniexpoAdmin\app\webroot\index.php(108): Dispatcher->dispatch(Object(CakeRequest), Object(CakeResponse))
#5 {main}
2015-10-22 19:04:00 Error: [MissingViewException] View file "D:\xampp\htdocs\UniexpoAdmin\app\View\Usertypes\index.ctp" is missing.
Exception Attributes: array (
  'file' => 'D:\\xampp\\htdocs\\UniexpoAdmin\\app\\View\\Usertypes\\index.ctp',
)
Request URL: /UniexpoAdmin/Usertypes
Stack Trace:
#0 D:\xampp\htdocs\UniexpoAdmin\lib\Cake\View\View.php(457): View->_getViewFileName(NULL)
#1 D:\xampp\htdocs\UniexpoAdmin\lib\Cake\Controller\Controller.php(952): View->render(NULL, NULL)
#2 D:\xampp\htdocs\UniexpoAdmin\lib\Cake\Routing\Dispatcher.php(192): Controller->render()
#3 D:\xampp\htdocs\UniexpoAdmin\lib\Cake\Routing\Dispatcher.php(160): Dispatcher->_invoke(Object(UsertypesController), Object(CakeRequest), Object(CakeResponse))
#4 D:\xampp\htdocs\UniexpoAdmin\app\webroot\index.php(108): Dispatcher->dispatch(Object(CakeRequest), Object(CakeResponse))
#5 {main}
2015-10-22 19:25:58 Error: [MissingViewException] View file "D:\xampp\htdocs\UniexpoAdmin\app\View\Usertypes\index.ctp" is missing.
Exception Attributes: array (
  'file' => 'D:\\xampp\\htdocs\\UniexpoAdmin\\app\\View\\Usertypes\\index.ctp',
)
Request URL: /UniexpoAdmin/Usertypes
Stack Trace:
#0 D:\xampp\htdocs\UniexpoAdmin\lib\Cake\View\View.php(457): View->_getViewFileName(NULL)
#1 D:\xampp\htdocs\UniexpoAdmin\lib\Cake\Controller\Controller.php(952): View->render(NULL, NULL)
#2 D:\xampp\htdocs\UniexpoAdmin\lib\Cake\Routing\Dispatcher.php(192): Controller->render()
#3 D:\xampp\htdocs\UniexpoAdmin\lib\Cake\Routing\Dispatcher.php(160): Dispatcher->_invoke(Object(UsertypesController), Object(CakeRequest), Object(CakeResponse))
#4 D:\xampp\htdocs\UniexpoAdmin\app\webroot\index.php(108): Dispatcher->dispatch(Object(CakeRequest), Object(CakeResponse))
#5 {main}
2015-10-22 19:51:48 Error: Fatal Error (1): Call to a member function find() on null in [D:\xampp\htdocs\UniexpoAdmin\app\Controller\CoursesController.php, line 23]
2015-10-22 19:51:48 Error: [FatalErrorException] Call to a member function find() on null
Request URL: /UniexpoAdmin/Courses
Stack Trace:
#0 D:\xampp\htdocs\UniexpoAdmin\lib\Cake\Error\ErrorHandler.php(203): ErrorHandler::handleFatalError(1, 'Call to a membe...', 'D:\\xampp\\htdocs...', 23)
#1 [internal function]: ErrorHandler::handleError(1, 'Call to a membe...', 'D:\\xampp\\htdocs...', 23, Array)
#2 D:\xampp\htdocs\UniexpoAdmin\lib\Cake\Core\App.php(929): call_user_func('ErrorHandler::h...', 1, 'Call to a membe...', 'D:\\xampp\\htdocs...', 23, Array)
#3 D:\xampp\htdocs\UniexpoAdmin\lib\Cake\Core\App.php(902): App::_checkFatalError()
#4 [internal function]: App::shutdown()
#5 {main}
2015-10-22 20:22:58 Error: [MissingTableException] Table usertypes for model Usertype was not found in datasource default.
Exception Attributes: array (
  'table' => 'usertypes',
  'class' => 'Usertype',
  'ds' => 'default',
)
Request URL: /UniexpoAdmin/Usertypes
Stack Trace:
#0 D:\xampp\htdocs\UniexpoAdmin\lib\Cake\Model\Model.php(3493): Model->setSource('usertypes')
#1 D:\xampp\htdocs\UniexpoAdmin\lib\Cake\Model\Model.php(2897): Model->getDataSource()
#2 D:\xampp\htdocs\UniexpoAdmin\lib\Cake\Model\Model.php(2869): Model->_readDataSource('all', Array)
#3 D:\xampp\htdocs\UniexpoAdmin\lib\Cake\Controller\Component\PaginatorComponent.php(196): Model->find('all', Array)
#4 D:\xampp\htdocs\UniexpoAdmin\lib\Cake\Controller\Controller.php(1079): PaginatorComponent->paginate(NULL, Array, Array)
#5 D:\xampp\htdocs\UniexpoAdmin\app\Controller\UsertypesController.php(39): Controller->paginate()
#6 [internal function]: UsertypesController->index()
#7 D:\xampp\htdocs\UniexpoAdmin\lib\Cake\Controller\Controller.php(490): ReflectionMethod->invokeArgs(Object(UsertypesController), Array)
#8 D:\xampp\htdocs\UniexpoAdmin\lib\Cake\Routing\Dispatcher.php(185): Controller->invokeAction(Object(CakeRequest))
#9 D:\xampp\htdocs\UniexpoAdmin\lib\Cake\Routing\Dispatcher.php(160): Dispatcher->_invoke(Object(UsertypesController), Object(CakeRequest), Object(CakeResponse))
#10 D:\xampp\htdocs\UniexpoAdmin\app\webroot\index.php(108): Dispatcher->dispatch(Object(CakeRequest), Object(CakeResponse))
#11 {main}
2015-10-22 20:24:19 Error: [MissingTableException] Table usertypes for model Usertype was not found in datasource default.
Exception Attributes: array (
  'table' => 'usertypes',
  'class' => 'Usertype',
  'ds' => 'default',
)
Request URL: /UniexpoAdmin/Usertypes
Stack Trace:
#0 D:\xampp\htdocs\UniexpoAdmin\lib\Cake\Model\Model.php(3493): Model->setSource('usertypes')
#1 D:\xampp\htdocs\UniexpoAdmin\lib\Cake\Model\Model.php(2897): Model->getDataSource()
#2 D:\xampp\htdocs\UniexpoAdmin\lib\Cake\Model\Model.php(2869): Model->_readDataSource('all', Array)
#3 D:\xampp\htdocs\UniexpoAdmin\lib\Cake\Controller\Component\PaginatorComponent.php(196): Model->find('all', Array)
#4 D:\xampp\htdocs\UniexpoAdmin\lib\Cake\Controller\Controller.php(1079): PaginatorComponent->paginate(NULL, Array, Array)
#5 D:\xampp\htdocs\UniexpoAdmin\app\Controller\UsertypesController.php(39): Controller->paginate()
#6 [internal function]: UsertypesController->index()
#7 D:\xampp\htdocs\UniexpoAdmin\lib\Cake\Controller\Controller.php(490): ReflectionMethod->invokeArgs(Object(UsertypesController), Array)
#8 D:\xampp\htdocs\UniexpoAdmin\lib\Cake\Routing\Dispatcher.php(185): Controller->invokeAction(Object(CakeRequest))
#9 D:\xampp\htdocs\UniexpoAdmin\lib\Cake\Routing\Dispatcher.php(160): Dispatcher->_invoke(Object(UsertypesController), Object(CakeRequest), Object(CakeResponse))
#10 D:\xampp\htdocs\UniexpoAdmin\app\webroot\index.php(108): Dispatcher->dispatch(Object(CakeRequest), Object(CakeResponse))
#11 {main}
2015-10-22 20:24:52 Error: [MissingTableException] Table usertypes for model Usertype was not found in datasource default.
Exception Attributes: array (
  'table' => 'usertypes',
  'class' => 'Usertype',
  'ds' => 'default',
)
Request URL: /UniexpoAdmin/Usertypes
Stack Trace:
#0 D:\xampp\htdocs\UniexpoAdmin\lib\Cake\Model\Model.php(3493): Model->setSource('usertypes')
#1 D:\xampp\htdocs\UniexpoAdmin\lib\Cake\Model\Model.php(2897): Model->getDataSource()
#2 D:\xampp\htdocs\UniexpoAdmin\lib\Cake\Model\Model.php(2869): Model->_readDataSource('all', Array)
#3 D:\xampp\htdocs\UniexpoAdmin\lib\Cake\Controller\Component\PaginatorComponent.php(196): Model->find('all', Array)
#4 D:\xampp\htdocs\UniexpoAdmin\lib\Cake\Controller\Controller.php(1079): PaginatorComponent->paginate(NULL, Array, Array)
#5 D:\xampp\htdocs\UniexpoAdmin\app\Controller\UsertypesController.php(39): Controller->paginate()
#6 [internal function]: UsertypesController->index()
#7 D:\xampp\htdocs\UniexpoAdmin\lib\Cake\Controller\Controller.php(490): ReflectionMethod->invokeArgs(Object(UsertypesController), Array)
#8 D:\xampp\htdocs\UniexpoAdmin\lib\Cake\Routing\Dispatcher.php(185): Controller->invokeAction(Object(CakeRequest))
#9 D:\xampp\htdocs\UniexpoAdmin\lib\Cake\Routing\Dispatcher.php(160): Dispatcher->_invoke(Object(UsertypesController), Object(CakeRequest), Object(CakeResponse))
#10 D:\xampp\htdocs\UniexpoAdmin\app\webroot\index.php(108): Dispatcher->dispatch(Object(CakeRequest), Object(CakeResponse))
#11 {main}
2015-10-22 20:25:29 Error: [MissingTableException] Table usertypes for model Usertype was not found in datasource default.
Exception Attributes: array (
  'table' => 'usertypes',
  'class' => 'Usertype',
  'ds' => 'default',
)
Request URL: /UniexpoAdmin/Usertypes
Stack Trace:
#0 D:\xampp\htdocs\UniexpoAdmin\lib\Cake\Model\Model.php(3493): Model->setSource('usertypes')
#1 D:\xampp\htdocs\UniexpoAdmin\lib\Cake\Model\Model.php(2897): Model->getDataSource()
#2 D:\xampp\htdocs\UniexpoAdmin\lib\Cake\Model\Model.php(2869): Model->_readDataSource('all', Array)
#3 D:\xampp\htdocs\UniexpoAdmin\lib\Cake\Controller\Component\PaginatorComponent.php(196): Model->find('all', Array)
#4 D:\xampp\htdocs\UniexpoAdmin\lib\Cake\Controller\Controller.php(1079): PaginatorComponent->paginate(NULL, Array, Array)
#5 D:\xampp\htdocs\UniexpoAdmin\app\Controller\UsertypesController.php(42): Controller->paginate()
#6 [internal function]: UsertypesController->index()
#7 D:\xampp\htdocs\UniexpoAdmin\lib\Cake\Controller\Controller.php(490): ReflectionMethod->invokeArgs(Object(UsertypesController), Array)
#8 D:\xampp\htdocs\UniexpoAdmin\lib\Cake\Routing\Dispatcher.php(185): Controller->invokeAction(Object(CakeRequest))
#9 D:\xampp\htdocs\UniexpoAdmin\lib\Cake\Routing\Dispatcher.php(160): Dispatcher->_invoke(Object(UsertypesController), Object(CakeRequest), Object(CakeResponse))
#10 D:\xampp\htdocs\UniexpoAdmin\app\webroot\index.php(108): Dispatcher->dispatch(Object(CakeRequest), Object(CakeResponse))
#11 {main}
2015-10-22 20:26:06 Error: [MissingTableException] Table usertypes for model Usertype was not found in datasource default.
Exception Attributes: array (
  'table' => 'usertypes',
  'class' => 'Usertype',
  'ds' => 'default',
)
Request URL: /UniexpoAdmin/Usertypes
Stack Trace:
#0 D:\xampp\htdocs\UniexpoAdmin\lib\Cake\Model\Model.php(3493): Model->setSource('usertypes')
#1 D:\xampp\htdocs\UniexpoAdmin\lib\Cake\Model\Model.php(2897): Model->getDataSource()
#2 D:\xampp\htdocs\UniexpoAdmin\lib\Cake\Model\Model.php(2869): Model->_readDataSource('all', Array)
#3 D:\xampp\htdocs\UniexpoAdmin\lib\Cake\Controller\Component\PaginatorComponent.php(196): Model->find('all', Array)
#4 D:\xampp\htdocs\UniexpoAdmin\lib\Cake\Controller\Controller.php(1079): PaginatorComponent->paginate(NULL, Array, Array)
#5 D:\xampp\htdocs\UniexpoAdmin\app\Controller\UsertypesController.php(32): Controller->paginate()
#6 [internal function]: UsertypesController->index()
#7 D:\xampp\htdocs\UniexpoAdmin\lib\Cake\Controller\Controller.php(490): ReflectionMethod->invokeArgs(Object(UsertypesController), Array)
#8 D:\xampp\htdocs\UniexpoAdmin\lib\Cake\Routing\Dispatcher.php(185): Controller->invokeAction(Object(CakeRequest))
#9 D:\xampp\htdocs\UniexpoAdmin\lib\Cake\Routing\Dispatcher.php(160): Dispatcher->_invoke(Object(UsertypesController), Object(CakeRequest), Object(CakeResponse))
#10 D:\xampp\htdocs\UniexpoAdmin\app\webroot\index.php(108): Dispatcher->dispatch(Object(CakeRequest), Object(CakeResponse))
#11 {main}
2015-10-22 20:27:43 Error: [MissingTableException] Table usertypes for model Usertype was not found in datasource default.
Exception Attributes: array (
  'table' => 'usertypes',
  'class' => 'Usertype',
  'ds' => 'default',
)
Request URL: /UniexpoAdmin/Usertypes
Stack Trace:
#0 D:\xampp\htdocs\UniexpoAdmin\lib\Cake\Model\Model.php(3493): Model->setSource('usertypes')
#1 D:\xampp\htdocs\UniexpoAdmin\lib\Cake\Model\Model.php(2897): Model->getDataSource()
#2 D:\xampp\htdocs\UniexpoAdmin\lib\Cake\Model\Model.php(2869): Model->_readDataSource('all', Array)
#3 D:\xampp\htdocs\UniexpoAdmin\lib\Cake\Controller\Component\PaginatorComponent.php(196): Model->find('all', Array)
#4 D:\xampp\htdocs\UniexpoAdmin\lib\Cake\Controller\Controller.php(1079): PaginatorComponent->paginate(NULL, Array, Array)
#5 D:\xampp\htdocs\UniexpoAdmin\app\Controller\UsertypesController.php(42): Controller->paginate()
#6 [internal function]: UsertypesController->index()
#7 D:\xampp\htdocs\UniexpoAdmin\lib\Cake\Controller\Controller.php(490): ReflectionMethod->invokeArgs(Object(UsertypesController), Array)
#8 D:\xampp\htdocs\UniexpoAdmin\lib\Cake\Routing\Dispatcher.php(185): Controller->invokeAction(Object(CakeRequest))
#9 D:\xampp\htdocs\UniexpoAdmin\lib\Cake\Routing\Dispatcher.php(160): Dispatcher->_invoke(Object(UsertypesController), Object(CakeRequest), Object(CakeResponse))
#10 D:\xampp\htdocs\UniexpoAdmin\app\webroot\index.php(108): Dispatcher->dispatch(Object(CakeRequest), Object(CakeResponse))
#11 {main}
2015-10-22 20:28:55 Error: [MissingTableException] Table usertypes for model Usertype was not found in datasource default.
Exception Attributes: array (
  'table' => 'usertypes',
  'class' => 'Usertype',
  'ds' => 'default',
)
Request URL: /UniexpoAdmin/Usertypes
Stack Trace:
#0 D:\xampp\htdocs\UniexpoAdmin\lib\Cake\Model\Model.php(3493): Model->setSource('usertypes')
#1 D:\xampp\htdocs\UniexpoAdmin\lib\Cake\Model\Model.php(2897): Model->getDataSource()
#2 D:\xampp\htdocs\UniexpoAdmin\lib\Cake\Model\Model.php(2869): Model->_readDataSource('all', Array)
#3 D:\xampp\htdocs\UniexpoAdmin\lib\Cake\Controller\Component\PaginatorComponent.php(196): Model->find('all', Array)
#4 D:\xampp\htdocs\UniexpoAdmin\lib\Cake\Controller\Controller.php(1079): PaginatorComponent->paginate(NULL, Array, Array)
#5 D:\xampp\htdocs\UniexpoAdmin\app\Controller\UsertypesController.php(42): Controller->paginate()
#6 [internal function]: UsertypesController->index()
#7 D:\xampp\htdocs\UniexpoAdmin\lib\Cake\Controller\Controller.php(490): ReflectionMethod->invokeArgs(Object(UsertypesController), Array)
#8 D:\xampp\htdocs\UniexpoAdmin\lib\Cake\Routing\Dispatcher.php(185): Controller->invokeAction(Object(CakeRequest))
#9 D:\xampp\htdocs\UniexpoAdmin\lib\Cake\Routing\Dispatcher.php(160): Dispatcher->_invoke(Object(UsertypesController), Object(CakeRequest), Object(CakeResponse))
#10 D:\xampp\htdocs\UniexpoAdmin\app\webroot\index.php(108): Dispatcher->dispatch(Object(CakeRequest), Object(CakeResponse))
#11 {main}
2015-10-22 20:29:20 Error: Fatal Error (1): Call to a member function find() on null in [D:\xampp\htdocs\UniexpoAdmin\app\Controller\UsertypesController.php, line 41]
2015-10-22 20:29:20 Error: [FatalErrorException] Call to a member function find() on null
Request URL: /UniexpoAdmin/Usertypes
Stack Trace:
#0 D:\xampp\htdocs\UniexpoAdmin\lib\Cake\Error\ErrorHandler.php(203): ErrorHandler::handleFatalError(1, 'Call to a membe...', 'D:\\xampp\\htdocs...', 41)
#1 [internal function]: ErrorHandler::handleError(1, 'Call to a membe...', 'D:\\xampp\\htdocs...', 41, Array)
#2 D:\xampp\htdocs\UniexpoAdmin\lib\Cake\Core\App.php(929): call_user_func('ErrorHandler::h...', 1, 'Call to a membe...', 'D:\\xampp\\htdocs...', 41, Array)
#3 D:\xampp\htdocs\UniexpoAdmin\lib\Cake\Core\App.php(902): App::_checkFatalError()
#4 [internal function]: App::shutdown()
#5 {main}
2015-10-22 20:30:01 Error: [MissingTableException] Table usertypes for model Usertype was not found in datasource default.
Exception Attributes: array (
  'table' => 'usertypes',
  'class' => 'Usertype',
  'ds' => 'default',
)
Request URL: /UniexpoAdmin/Usertypes
Stack Trace:
#0 D:\xampp\htdocs\UniexpoAdmin\lib\Cake\Model\Model.php(3493): Model->setSource('usertypes')
#1 D:\xampp\htdocs\UniexpoAdmin\lib\Cake\Model\Model.php(2897): Model->getDataSource()
#2 D:\xampp\htdocs\UniexpoAdmin\lib\Cake\Model\Model.php(2869): Model->_readDataSource('all', Array)
#3 D:\xampp\htdocs\UniexpoAdmin\lib\Cake\Controller\Component\PaginatorComponent.php(196): Model->find('all', Array)
#4 D:\xampp\htdocs\UniexpoAdmin\lib\Cake\Controller\Controller.php(1079): PaginatorComponent->paginate(NULL, Array, Array)
#5 D:\xampp\htdocs\UniexpoAdmin\app\Controller\UsertypesController.php(42): Controller->paginate()
#6 [internal function]: UsertypesController->index()
#7 D:\xampp\htdocs\UniexpoAdmin\lib\Cake\Controller\Controller.php(490): ReflectionMethod->invokeArgs(Object(UsertypesController), Array)
#8 D:\xampp\htdocs\UniexpoAdmin\lib\Cake\Routing\Dispatcher.php(185): Controller->invokeAction(Object(CakeRequest))
#9 D:\xampp\htdocs\UniexpoAdmin\lib\Cake\Routing\Dispatcher.php(160): Dispatcher->_invoke(Object(UsertypesController), Object(CakeRequest), Object(CakeResponse))
#10 D:\xampp\htdocs\UniexpoAdmin\app\webroot\index.php(108): Dispatcher->dispatch(Object(CakeRequest), Object(CakeResponse))
#11 {main}
2015-10-23 22:18:06 Error: [PDOException] SQLSTATE[42S02]: Base table or view not found: 1146 Table 'uniexpo_bd_test.shifts' doesn't exist
Request URL: /UniexpoAdmin/Users/index/
Stack Trace:
#0 D:\xampp\htdocs\UniexpoAdmin\lib\Cake\Model\Datasource\DboSource.php(458): PDOStatement->execute(Array)
#1 D:\xampp\htdocs\UniexpoAdmin\lib\Cake\Model\Datasource\DboSource.php(424): DboSource->_execute('TRUNCATE TABLE ...', Array)
#2 D:\xampp\htdocs\UniexpoAdmin\lib\Cake\Model\Datasource\DboSource.php(2038): DboSource->execute('TRUNCATE TABLE ...')
#3 D:\xampp\htdocs\UniexpoAdmin\lib\Cake\TestSuite\Fixture\CakeTestFixture.php(309): DboSource->truncate('shifts')
#4 D:\xampp\htdocs\UniexpoAdmin\lib\Cake\TestSuite\Fixture\CakeFixtureManager.php(232): CakeTestFixture->truncate(Object(Mysql))
#5 D:\xampp\htdocs\UniexpoAdmin\lib\Cake\TestSuite\CakeTestCase.php(84): CakeFixtureManager->unload(Object(UsersControllerTest))
#6 D:\xampp\php\pear\PHPUnit\Framework\TestSuite.php(775): CakeTestCase->run(Object(PHPUnit_Framework_TestResult))
#7 D:\xampp\php\pear\PHPUnit\Framework\TestSuite.php(745): PHPUnit_Framework_TestSuite->runTest(Object(UsersControllerTest), Object(PHPUnit_Framework_TestResult))
#8 D:\xampp\php\pear\PHPUnit\TextUI\TestRunner.php(349): PHPUnit_Framework_TestSuite->run(Object(PHPUnit_Framework_TestResult), false, Array, Array, false)
#9 D:\xampp\htdocs\UniexpoAdmin\lib\Cake\TestSuite\CakeTestRunner.php(60): PHPUnit_TextUI_TestRunner->doRun(Object(PHPUnit_Framework_TestSuite), Array)
#10 D:\xampp\htdocs\UniexpoAdmin\lib\Cake\TestSuite\CakeTestSuiteCommand.php(95): CakeTestRunner->doRun(Object(PHPUnit_Framework_TestSuite), Array)
#11 D:\xampp\htdocs\UniexpoAdmin\lib\Cake\TestSuite\CakeTestSuiteDispatcher.php(243): CakeTestSuiteCommand->run(Array)
#12 D:\xampp\htdocs\UniexpoAdmin\lib\Cake\TestSuite\CakeTestSuiteDispatcher.php(96): CakeTestSuiteDispatcher->_runTestCase()
#13 D:\xampp\htdocs\UniexpoAdmin\lib\Cake\TestSuite\CakeTestSuiteDispatcher.php(113): CakeTestSuiteDispatcher->dispatch()
#14 D:\xampp\htdocs\UniexpoAdmin\app\webroot\test.php(98): CakeTestSuiteDispatcher::run()
#15 {main}
2015-10-23 22:30:13 Error: Fatal Error (1): Call to a member function success() on null in [D:\xampp\htdocs\UniexpoAdmin\app\Controller\UsersController.php, line 80]
2015-10-23 22:30:13 Error: [FatalErrorException] Call to a member function success() on null
Request URL: /UniexpoAdmin/Users/aprovar/8
Stack Trace:
#0 D:\xampp\htdocs\UniexpoAdmin\lib\Cake\Error\ErrorHandler.php(203): ErrorHandler::handleFatalError(1, 'Call to a membe...', 'D:\\xampp\\htdocs...', 80)
#1 [internal function]: ErrorHandler::handleError(1, 'Call to a membe...', 'D:\\xampp\\htdocs...', 80, Array)
#2 D:\xampp\htdocs\UniexpoAdmin\lib\Cake\Core\App.php(929): call_user_func('ErrorHandler::h...', 1, 'Call to a membe...', 'D:\\xampp\\htdocs...', 80, Array)
#3 D:\xampp\htdocs\UniexpoAdmin\lib\Cake\Core\App.php(902): App::_checkFatalError()
#4 [internal function]: App::shutdown()
#5 {main}
2015-10-23 22:31:38 Error: Fatal Error (1): Call to a member function set() on null in [D:\xampp\htdocs\UniexpoAdmin\app\Controller\UsersController.php, line 80]
2015-10-23 22:31:38 Error: [FatalErrorException] Call to a member function set() on null
Request URL: /UniexpoAdmin/Users/aprovar/3
Stack Trace:
#0 D:\xampp\htdocs\UniexpoAdmin\lib\Cake\Error\ErrorHandler.php(203): ErrorHandler::handleFatalError(1, 'Call to a membe...', 'D:\\xampp\\htdocs...', 80)
#1 [internal function]: ErrorHandler::handleError(1, 'Call to a membe...', 'D:\\xampp\\htdocs...', 80, Array)
#2 D:\xampp\htdocs\UniexpoAdmin\lib\Cake\Core\App.php(929): call_user_func('ErrorHandler::h...', 1, 'Call to a membe...', 'D:\\xampp\\htdocs...', 80, Array)
#3 D:\xampp\htdocs\UniexpoAdmin\lib\Cake\Core\App.php(902): App::_checkFatalError()
#4 [internal function]: App::shutdown()
#5 {main}
2015-10-23 22:38:08 Error: Fatal Error (1): Call to a member function render() on null in [D:\xampp\htdocs\UniexpoAdmin\app\Controller\UsersController.php, line 80]
2015-10-23 22:38:08 Error: [FatalErrorException] Call to a member function render() on null
Request URL: /UniexpoAdmin/Users/aprovar/8
Stack Trace:
#0 D:\xampp\htdocs\UniexpoAdmin\lib\Cake\Error\ErrorHandler.php(203): ErrorHandler::handleFatalError(1, 'Call to a membe...', 'D:\\xampp\\htdocs...', 80)
#1 [internal function]: ErrorHandler::handleError(1, 'Call to a membe...', 'D:\\xampp\\htdocs...', 80, Array)
#2 D:\xampp\htdocs\UniexpoAdmin\lib\Cake\Core\App.php(929): call_user_func('ErrorHandler::h...', 1, 'Call to a membe...', 'D:\\xampp\\htdocs...', 80, Array)
#3 D:\xampp\htdocs\UniexpoAdmin\lib\Cake\Core\App.php(902): App::_checkFatalError()
#4 [internal function]: App::shutdown()
#5 {main}
2015-10-23 22:38:25 Error: Fatal Error (1): Call to a member function render() on null in [D:\xampp\htdocs\UniexpoAdmin\app\Controller\UsersController.php, line 80]
2015-10-23 22:38:25 Error: [FatalErrorException] Call to a member function render() on null
Request URL: /UniexpoAdmin/Users/aprovar/8
Stack Trace:
#0 D:\xampp\htdocs\UniexpoAdmin\lib\Cake\Error\ErrorHandler.php(203): ErrorHandler::handleFatalError(1, 'Call to a membe...', 'D:\\xampp\\htdocs...', 80)
#1 [internal function]: ErrorHandler::handleError(1, 'Call to a membe...', 'D:\\xampp\\htdocs...', 80, Array)
#2 D:\xampp\htdocs\UniexpoAdmin\lib\Cake\Core\App.php(929): call_user_func('ErrorHandler::h...', 1, 'Call to a membe...', 'D:\\xampp\\htdocs...', 80, Array)
#3 D:\xampp\htdocs\UniexpoAdmin\lib\Cake\Core\App.php(902): App::_checkFatalError()
#4 [internal function]: App::shutdown()
#5 {main}
2015-10-23 22:38:36 Error: Fatal Error (1): Call to a member function render() on null in [D:\xampp\htdocs\UniexpoAdmin\app\Controller\UsersController.php, line 80]
2015-10-23 22:38:36 Error: [FatalErrorException] Call to a member function render() on null
Request URL: /UniexpoAdmin/Users/aprovar/8
Stack Trace:
#0 D:\xampp\htdocs\UniexpoAdmin\lib\Cake\Error\ErrorHandler.php(203): ErrorHandler::handleFatalError(1, 'Call to a membe...', 'D:\\xampp\\htdocs...', 80)
#1 [internal function]: ErrorHandler::handleError(1, 'Call to a membe...', 'D:\\xampp\\htdocs...', 80, Array)
#2 D:\xampp\htdocs\UniexpoAdmin\lib\Cake\Core\App.php(929): call_user_func('ErrorHandler::h...', 1, 'Call to a membe...', 'D:\\xampp\\htdocs...', 80, Array)
#3 D:\xampp\htdocs\UniexpoAdmin\lib\Cake\Core\App.php(902): App::_checkFatalError()
#4 [internal function]: App::shutdown()
#5 {main}
2015-10-23 22:39:03 Error: Fatal Error (1): Call to a member function set() on null in [D:\xampp\htdocs\UniexpoAdmin\app\Controller\UsersController.php, line 80]
2015-10-23 22:39:03 Error: [FatalErrorException] Call to a member function set() on null
Request URL: /UniexpoAdmin/Users/aprovar/8
Stack Trace:
#0 D:\xampp\htdocs\UniexpoAdmin\lib\Cake\Error\ErrorHandler.php(203): ErrorHandler::handleFatalError(1, 'Call to a membe...', 'D:\\xampp\\htdocs...', 80)
#1 [internal function]: ErrorHandler::handleError(1, 'Call to a membe...', 'D:\\xampp\\htdocs...', 80, Array)
#2 D:\xampp\htdocs\UniexpoAdmin\lib\Cake\Core\App.php(929): call_user_func('ErrorHandler::h...', 1, 'Call to a membe...', 'D:\\xampp\\htdocs...', 80, Array)
#3 D:\xampp\htdocs\UniexpoAdmin\lib\Cake\Core\App.php(902): App::_checkFatalError()
#4 [internal function]: App::shutdown()
#5 {main}
2015-10-23 22:41:44 Error: Fatal Error (1): Call to a member function set() on null in [D:\xampp\htdocs\UniexpoAdmin\app\Controller\UsersController.php, line 80]
2015-10-23 22:41:44 Error: [FatalErrorException] Call to a member function set() on null
Request URL: /UniexpoAdmin/Users/aprovar/3
Stack Trace:
#0 D:\xampp\htdocs\UniexpoAdmin\lib\Cake\Error\ErrorHandler.php(203): ErrorHandler::handleFatalError(1, 'Call to a membe...', 'D:\\xampp\\htdocs...', 80)
#1 [internal function]: ErrorHandler::handleError(1, 'Call to a membe...', 'D:\\xampp\\htdocs...', 80, Array)
#2 D:\xampp\htdocs\UniexpoAdmin\lib\Cake\Core\App.php(929): call_user_func('ErrorHandler::h...', 1, 'Call to a membe...', 'D:\\xampp\\htdocs...', 80, Array)
#3 D:\xampp\htdocs\UniexpoAdmin\lib\Cake\Core\App.php(902): App::_checkFatalError()
#4 [internal function]: App::shutdown()
#5 {main}
2015-10-24 15:34:06 Error: [PDOException] SQLSTATE[23000]: Integrity constraint violation: 1062 Duplicate entry '123' for key 'Matricula'
Request URL: /UniexpoAdmin/Users/add
Stack Trace:
#0 D:\xampp\htdocs\UniexpoAdmin\lib\Cake\Model\Datasource\DboSource.php(458): PDOStatement->execute(Array)
#1 D:\xampp\htdocs\UniexpoAdmin\lib\Cake\Model\Datasource\DboSource.php(424): DboSource->_execute('INSERT INTO `un...', Array)
#2 D:\xampp\htdocs\UniexpoAdmin\lib\Cake\Model\Datasource\DboSource.php(1003): DboSource->execute('INSERT INTO `un...')
#3 D:\xampp\htdocs\UniexpoAdmin\lib\Cake\Model\Model.php(1830): DboSource->create(Object(User), Array, Array)
#4 D:\xampp\htdocs\UniexpoAdmin\app\Controller\UsersController.php(163): Model->save(Array)
#5 [internal function]: UsersController->add()
#6 D:\xampp\htdocs\UniexpoAdmin\lib\Cake\Controller\Controller.php(490): ReflectionMethod->invokeArgs(Object(UsersController), Array)
#7 D:\xampp\htdocs\UniexpoAdmin\lib\Cake\Routing\Dispatcher.php(185): Controller->invokeAction(Object(CakeRequest))
#8 D:\xampp\htdocs\UniexpoAdmin\lib\Cake\Routing\Dispatcher.php(160): Dispatcher->_invoke(Object(UsersController), Object(CakeRequest), Object(CakeResponse))
#9 D:\xampp\htdocs\UniexpoAdmin\app\webroot\index.php(108): Dispatcher->dispatch(Object(CakeRequest), Object(CakeResponse))
#10 {main}
2015-10-24 15:36:09 Error: [PDOException] SQLSTATE[23000]: Integrity constraint violation: 1062 Duplicate entry '12345678' for key 'Matricula'
Request URL: /UniexpoAdmin/Users/add
Stack Trace:
#0 D:\xampp\htdocs\UniexpoAdmin\lib\Cake\Model\Datasource\DboSource.php(458): PDOStatement->execute(Array)
#1 D:\xampp\htdocs\UniexpoAdmin\lib\Cake\Model\Datasource\DboSource.php(424): DboSource->_execute('INSERT INTO `un...', Array)
#2 D:\xampp\htdocs\UniexpoAdmin\lib\Cake\Model\Datasource\DboSource.php(1003): DboSource->execute('INSERT INTO `un...')
#3 D:\xampp\htdocs\UniexpoAdmin\lib\Cake\Model\Model.php(1830): DboSource->create(Object(User), Array, Array)
#4 D:\xampp\htdocs\UniexpoAdmin\app\Controller\UsersController.php(163): Model->save(Array)
#5 [internal function]: UsersController->add()
#6 D:\xampp\htdocs\UniexpoAdmin\lib\Cake\Controller\Controller.php(490): ReflectionMethod->invokeArgs(Object(UsersController), Array)
#7 D:\xampp\htdocs\UniexpoAdmin\lib\Cake\Routing\Dispatcher.php(185): Controller->invokeAction(Object(CakeRequest))
#8 D:\xampp\htdocs\UniexpoAdmin\lib\Cake\Routing\Dispatcher.php(160): Dispatcher->_invoke(Object(UsersController), Object(CakeRequest), Object(CakeResponse))
#9 D:\xampp\htdocs\UniexpoAdmin\app\webroot\index.php(108): Dispatcher->dispatch(Object(CakeRequest), Object(CakeResponse))
#10 {main}
2015-10-24 15:36:26 Error: [PDOException] SQLSTATE[23000]: Integrity constraint violation: 1452 Cannot add or update a child row: a foreign key constraint fails (`uniexpo_bd`.`users`, CONSTRAINT `FKusers479149` FOREIGN KEY (`semester_id`) REFERENCES `semesters` (`id`))
Request URL: /UniexpoAdmin/Users/add
Stack Trace:
#0 D:\xampp\htdocs\UniexpoAdmin\lib\Cake\Model\Datasource\DboSource.php(458): PDOStatement->execute(Array)
#1 D:\xampp\htdocs\UniexpoAdmin\lib\Cake\Model\Datasource\DboSource.php(424): DboSource->_execute('INSERT INTO `un...', Array)
#2 D:\xampp\htdocs\UniexpoAdmin\lib\Cake\Model\Datasource\DboSource.php(1003): DboSource->execute('INSERT INTO `un...')
#3 D:\xampp\htdocs\UniexpoAdmin\lib\Cake\Model\Model.php(1830): DboSource->create(Object(User), Array, Array)
#4 D:\xampp\htdocs\UniexpoAdmin\app\Controller\UsersController.php(163): Model->save(Array)
#5 [internal function]: UsersController->add()
#6 D:\xampp\htdocs\UniexpoAdmin\lib\Cake\Controller\Controller.php(490): ReflectionMethod->invokeArgs(Object(UsersController), Array)
#7 D:\xampp\htdocs\UniexpoAdmin\lib\Cake\Routing\Dispatcher.php(185): Controller->invokeAction(Object(CakeRequest))
#8 D:\xampp\htdocs\UniexpoAdmin\lib\Cake\Routing\Dispatcher.php(160): Dispatcher->_invoke(Object(UsersController), Object(CakeRequest), Object(CakeResponse))
#9 D:\xampp\htdocs\UniexpoAdmin\app\webroot\index.php(108): Dispatcher->dispatch(Object(CakeRequest), Object(CakeResponse))
#10 {main}
2015-10-24 17:53:11 Error: [PDOException] SQLSTATE[23000]: Integrity constraint violation: 1451 Cannot delete or update a parent row: a foreign key constraint fails (`uniexpo_bd`.`movies`, CONSTRAINT `FKmovies44379` FOREIGN KEY (`project_id`) REFERENCES `projects` (`id`))
Request URL: /UniexpoAdmin/Projects/delete/1
Stack Trace:
#0 D:\xampp\htdocs\UniexpoAdmin\lib\Cake\Model\Datasource\DboSource.php(458): PDOStatement->execute(Array)
#1 D:\xampp\htdocs\UniexpoAdmin\lib\Cake\Model\Datasource\DboSource.php(424): DboSource->_execute('DELETE `Project...', Array)
#2 D:\xampp\htdocs\UniexpoAdmin\lib\Cake\Model\Datasource\Database\Mysql.php(440): DboSource->execute('DELETE `Project...')
#3 D:\xampp\htdocs\UniexpoAdmin\lib\Cake\Model\Model.php(2586): Mysql->delete(Object(Project), Array)
#4 D:\xampp\htdocs\UniexpoAdmin\app\Controller\ProjectsController.php(235): Model->delete()
#5 [internal function]: ProjectsController->delete('1')
#6 D:\xampp\htdocs\UniexpoAdmin\lib\Cake\Controller\Controller.php(490): ReflectionMethod->invokeArgs(Object(ProjectsController), Array)
#7 D:\xampp\htdocs\UniexpoAdmin\lib\Cake\Routing\Dispatcher.php(185): Controller->invokeAction(Object(CakeRequest))
#8 D:\xampp\htdocs\UniexpoAdmin\lib\Cake\Routing\Dispatcher.php(160): Dispatcher->_invoke(Object(ProjectsController), Object(CakeRequest), Object(CakeResponse))
#9 D:\xampp\htdocs\UniexpoAdmin\app\webroot\index.php(108): Dispatcher->dispatch(Object(CakeRequest), Object(CakeResponse))
#10 {main}
2015-10-25 16:39:47 Error: [PDOException] SQLSTATE[23000]: Integrity constraint violation: 1062 Duplicate entry '11123456' for key 'Matricula'
Request URL: /UniexpoAdmin/Users/add
Stack Trace:
#0 D:\xampp\htdocs\UniexpoAdmin\lib\Cake\Model\Datasource\DboSource.php(458): PDOStatement->execute(Array)
#1 D:\xampp\htdocs\UniexpoAdmin\lib\Cake\Model\Datasource\DboSource.php(424): DboSource->_execute('INSERT INTO `un...', Array)
#2 D:\xampp\htdocs\UniexpoAdmin\lib\Cake\Model\Datasource\DboSource.php(1003): DboSource->execute('INSERT INTO `un...')
#3 D:\xampp\htdocs\UniexpoAdmin\lib\Cake\Model\Model.php(1830): DboSource->create(Object(User), Array, Array)
#4 D:\xampp\htdocs\UniexpoAdmin\app\Controller\UsersController.php(163): Model->save(Array)
#5 [internal function]: UsersController->add()
#6 D:\xampp\htdocs\UniexpoAdmin\lib\Cake\Controller\Controller.php(490): ReflectionMethod->invokeArgs(Object(UsersController), Array)
#7 D:\xampp\htdocs\UniexpoAdmin\lib\Cake\Routing\Dispatcher.php(185): Controller->invokeAction(Object(CakeRequest))
#8 D:\xampp\htdocs\UniexpoAdmin\lib\Cake\Routing\Dispatcher.php(160): Dispatcher->_invoke(Object(UsersController), Object(CakeRequest), Object(CakeResponse))
#9 D:\xampp\htdocs\UniexpoAdmin\app\webroot\index.php(108): Dispatcher->dispatch(Object(CakeRequest), Object(CakeResponse))
#10 {main}
2015-10-25 18:19:55 Error: [PDOException] SQLSTATE[42S22]: Column not found: 1054 Unknown column 'Visitor.project_id' in 'field list'
Request URL: /UniexpoAdmin/Users/perfil
Stack Trace:
#0 D:\xampp\htdocs\UniexpoAdmin\lib\Cake\Model\Datasource\DboSource.php(458): PDOStatement->execute(Array)
#1 D:\xampp\htdocs\UniexpoAdmin\lib\Cake\Model\Datasource\DboSource.php(424): DboSource->_execute('SELECT `Visitor...', Array)
#2 D:\xampp\htdocs\UniexpoAdmin\lib\Cake\Model\Datasource\DboSource.php(664): DboSource->execute('SELECT `Visitor...', Array, Array)
#3 D:\xampp\htdocs\UniexpoAdmin\lib\Cake\Model\Datasource\DboSource.php(1338): DboSource->fetchAll('SELECT `Visitor...', false)
#4 D:\xampp\htdocs\UniexpoAdmin\lib\Cake\Model\Datasource\DboSource.php(1200): DboSource->fetchAssociated(Object(Project), 'SELECT `Visitor...', Array)
#5 D:\xampp\htdocs\UniexpoAdmin\lib\Cake\Model\Datasource\DboSource.php(1216): DboSource->queryAssociation(Object(Project), Object(Visitor), 'hasMany', 'Visitor', Array, Array, true, Array, 0, Array)
#6 D:\xampp\htdocs\UniexpoAdmin\lib\Cake\Model\Datasource\DboSource.php(1111): DboSource->queryAssociation(Object(User), Object(Project), 'hasMany', 'Project', Array, Array, true, Array, 1, Array)
#7 D:\xampp\htdocs\UniexpoAdmin\lib\Cake\Model\Model.php(2897): DboSource->read(Object(User), Array)
#8 D:\xampp\htdocs\UniexpoAdmin\lib\Cake\Model\Model.php(2869): Model->_readDataSource('first', Array)
#9 D:\xampp\htdocs\UniexpoAdmin\app\Controller\UsersController.php(31): Model->find('first', Array)
#10 [internal function]: UsersController->perfil()
#11 D:\xampp\htdocs\UniexpoAdmin\lib\Cake\Controller\Controller.php(490): ReflectionMethod->invokeArgs(Object(UsersController), Array)
#12 D:\xampp\htdocs\UniexpoAdmin\lib\Cake\Routing\Dispatcher.php(185): Controller->invokeAction(Object(CakeRequest))
#13 D:\xampp\htdocs\UniexpoAdmin\lib\Cake\Routing\Dispatcher.php(160): Dispatcher->_invoke(Object(UsersController), Object(CakeRequest), Object(CakeResponse))
#14 D:\xampp\htdocs\UniexpoAdmin\app\webroot\index.php(108): Dispatcher->dispatch(Object(CakeRequest), Object(CakeResponse))
#15 {main}
2015-10-25 18:20:01 Error: [PDOException] SQLSTATE[42S22]: Column not found: 1054 Unknown column 'Visitor.project_id' in 'field list'
Request URL: /UniexpoAdmin/Users/perfil
Stack Trace:
#0 D:\xampp\htdocs\UniexpoAdmin\lib\Cake\Model\Datasource\DboSource.php(458): PDOStatement->execute(Array)
#1 D:\xampp\htdocs\UniexpoAdmin\lib\Cake\Model\Datasource\DboSource.php(424): DboSource->_execute('SELECT `Visitor...', Array)
#2 D:\xampp\htdocs\UniexpoAdmin\lib\Cake\Model\Datasource\DboSource.php(664): DboSource->execute('SELECT `Visitor...', Array, Array)
#3 D:\xampp\htdocs\UniexpoAdmin\lib\Cake\Model\Datasource\DboSource.php(1338): DboSource->fetchAll('SELECT `Visitor...', false)
#4 D:\xampp\htdocs\UniexpoAdmin\lib\Cake\Model\Datasource\DboSource.php(1200): DboSource->fetchAssociated(Object(Project), 'SELECT `Visitor...', Array)
#5 D:\xampp\htdocs\UniexpoAdmin\lib\Cake\Model\Datasource\DboSource.php(1216): DboSource->queryAssociation(Object(Project), Object(Visitor), 'hasMany', 'Visitor', Array, Array, true, Array, 0, Array)
#6 D:\xampp\htdocs\UniexpoAdmin\lib\Cake\Model\Datasource\DboSource.php(1111): DboSource->queryAssociation(Object(User), Object(Project), 'hasMany', 'Project', Array, Array, true, Array, 1, Array)
#7 D:\xampp\htdocs\UniexpoAdmin\lib\Cake\Model\Model.php(2897): DboSource->read(Object(User), Array)
#8 D:\xampp\htdocs\UniexpoAdmin\lib\Cake\Model\Model.php(2869): Model->_readDataSource('first', Array)
#9 D:\xampp\htdocs\UniexpoAdmin\app\Controller\UsersController.php(31): Model->find('first', Array)
#10 [internal function]: UsersController->perfil()
#11 D:\xampp\htdocs\UniexpoAdmin\lib\Cake\Controller\Controller.php(490): ReflectionMethod->invokeArgs(Object(UsersController), Array)
#12 D:\xampp\htdocs\UniexpoAdmin\lib\Cake\Routing\Dispatcher.php(185): Controller->invokeAction(Object(CakeRequest))
#13 D:\xampp\htdocs\UniexpoAdmin\lib\Cake\Routing\Dispatcher.php(160): Dispatcher->_invoke(Object(UsersController), Object(CakeRequest), Object(CakeResponse))
#14 D:\xampp\htdocs\UniexpoAdmin\app\webroot\index.php(108): Dispatcher->dispatch(Object(CakeRequest), Object(CakeResponse))
#15 {main}
2015-10-25 18:20:04 Error: [PDOException] SQLSTATE[42S22]: Column not found: 1054 Unknown column 'Visitor.project_id' in 'field list'
Request URL: /UniexpoAdmin/Users/perfil
Stack Trace:
#0 D:\xampp\htdocs\UniexpoAdmin\lib\Cake\Model\Datasource\DboSource.php(458): PDOStatement->execute(Array)
#1 D:\xampp\htdocs\UniexpoAdmin\lib\Cake\Model\Datasource\DboSource.php(424): DboSource->_execute('SELECT `Visitor...', Array)
#2 D:\xampp\htdocs\UniexpoAdmin\lib\Cake\Model\Datasource\DboSource.php(664): DboSource->execute('SELECT `Visitor...', Array, Array)
#3 D:\xampp\htdocs\UniexpoAdmin\lib\Cake\Model\Datasource\DboSource.php(1338): DboSource->fetchAll('SELECT `Visitor...', false)
#4 D:\xampp\htdocs\UniexpoAdmin\lib\Cake\Model\Datasource\DboSource.php(1200): DboSource->fetchAssociated(Object(Project), 'SELECT `Visitor...', Array)
#5 D:\xampp\htdocs\UniexpoAdmin\lib\Cake\Model\Datasource\DboSource.php(1216): DboSource->queryAssociation(Object(Project), Object(Visitor), 'hasMany', 'Visitor', Array, Array, true, Array, 0, Array)
#6 D:\xampp\htdocs\UniexpoAdmin\lib\Cake\Model\Datasource\DboSource.php(1111): DboSource->queryAssociation(Object(User), Object(Project), 'hasMany', 'Project', Array, Array, true, Array, 1, Array)
#7 D:\xampp\htdocs\UniexpoAdmin\lib\Cake\Model\Model.php(2897): DboSource->read(Object(User), Array)
#8 D:\xampp\htdocs\UniexpoAdmin\lib\Cake\Model\Model.php(2869): Model->_readDataSource('first', Array)
#9 D:\xampp\htdocs\UniexpoAdmin\app\Controller\UsersController.php(31): Model->find('first', Array)
#10 [internal function]: UsersController->perfil()
#11 D:\xampp\htdocs\UniexpoAdmin\lib\Cake\Controller\Controller.php(490): ReflectionMethod->invokeArgs(Object(UsersController), Array)
#12 D:\xampp\htdocs\UniexpoAdmin\lib\Cake\Routing\Dispatcher.php(185): Controller->invokeAction(Object(CakeRequest))
#13 D:\xampp\htdocs\UniexpoAdmin\lib\Cake\Routing\Dispatcher.php(160): Dispatcher->_invoke(Object(UsersController), Object(CakeRequest), Object(CakeResponse))
#14 D:\xampp\htdocs\UniexpoAdmin\app\webroot\index.php(108): Dispatcher->dispatch(Object(CakeRequest), Object(CakeResponse))
#15 {main}
2015-10-25 18:20:06 Error: [PDOException] SQLSTATE[42S22]: Column not found: 1054 Unknown column 'Visitor.project_id' in 'field list'
Request URL: /UniexpoAdmin/Projects
Stack Trace:
#0 D:\xampp\htdocs\UniexpoAdmin\lib\Cake\Model\Datasource\DboSource.php(458): PDOStatement->execute(Array)
#1 D:\xampp\htdocs\UniexpoAdmin\lib\Cake\Model\Datasource\DboSource.php(424): DboSource->_execute('SELECT `Visitor...', Array)
#2 D:\xampp\htdocs\UniexpoAdmin\lib\Cake\Model\Datasource\DboSource.php(664): DboSource->execute('SELECT `Visitor...', Array, Array)
#3 D:\xampp\htdocs\UniexpoAdmin\lib\Cake\Model\Datasource\DboSource.php(1338): DboSource->fetchAll('SELECT `Visitor...', false)
#4 D:\xampp\htdocs\UniexpoAdmin\lib\Cake\Model\Datasource\DboSource.php(1200): DboSource->fetchAssociated(Object(Project), 'SELECT `Visitor...', Array)
#5 D:\xampp\htdocs\UniexpoAdmin\lib\Cake\Model\Datasource\DboSource.php(1216): DboSource->queryAssociation(Object(Project), Object(Visitor), 'hasMany', 'Visitor', Array, Array, true, Array, 0, Array)
#6 D:\xampp\htdocs\UniexpoAdmin\lib\Cake\Model\Datasource\DboSource.php(1111): DboSource->queryAssociation(Object(User), Object(Project), 'hasMany', 'Project', Array, Array, true, Array, 1, Array)
#7 D:\xampp\htdocs\UniexpoAdmin\lib\Cake\Model\Model.php(2897): DboSource->read(Object(User), Array)
#8 D:\xampp\htdocs\UniexpoAdmin\lib\Cake\Model\Model.php(2869): Model->_readDataSource('first', Array)
#9 D:\xampp\htdocs\UniexpoAdmin\app\Controller\ProjectsController.php(60): Model->find('first', Array)
#10 [internal function]: ProjectsController->index()
#11 D:\xampp\htdocs\UniexpoAdmin\lib\Cake\Controller\Controller.php(490): ReflectionMethod->invokeArgs(Object(ProjectsController), Array)
#12 D:\xampp\htdocs\UniexpoAdmin\lib\Cake\Routing\Dispatcher.php(185): Controller->invokeAction(Object(CakeRequest))
#13 D:\xampp\htdocs\UniexpoAdmin\lib\Cake\Routing\Dispatcher.php(160): Dispatcher->_invoke(Object(ProjectsController), Object(CakeRequest), Object(CakeResponse))
#14 D:\xampp\htdocs\UniexpoAdmin\app\webroot\index.php(108): Dispatcher->dispatch(Object(CakeRequest), Object(CakeResponse))
#15 {main}
2015-10-25 19:26:06 Error: Fatal Error (4): syntax error, unexpected end of file, expecting function (T_FUNCTION) in [D:\xampp\htdocs\UniexpoAdmin\app\Controller\BanersController.php, line 139]
2015-10-25 19:26:06 Error: [FatalErrorException] syntax error, unexpected end of file, expecting function (T_FUNCTION)
Request URL: /UniexpoAdmin/Baners
Stack Trace:
#0 D:\xampp\htdocs\UniexpoAdmin\lib\Cake\Error\ErrorHandler.php(203): ErrorHandler::handleFatalError(4, 'syntax error, u...', 'D:\\xampp\\htdocs...', 139)
#1 [internal function]: ErrorHandler::handleError(4, 'syntax error, u...', 'D:\\xampp\\htdocs...', 139, Array)
#2 D:\xampp\htdocs\UniexpoAdmin\lib\Cake\Core\App.php(929): call_user_func('ErrorHandler::h...', 4, 'syntax error, u...', 'D:\\xampp\\htdocs...', 139, Array)
#3 D:\xampp\htdocs\UniexpoAdmin\lib\Cake\Core\App.php(902): App::_checkFatalError()
#4 [internal function]: App::shutdown()
#5 {main}
2015-10-25 19:26:45 Error: Fatal Error (4): syntax error, unexpected end of file, expecting function (T_FUNCTION) in [D:\xampp\htdocs\UniexpoAdmin\app\Controller\BanersController.php, line 139]
2015-10-25 19:26:45 Error: [FatalErrorException] syntax error, unexpected end of file, expecting function (T_FUNCTION)
Request URL: /UniexpoAdmin/Baners
Stack Trace:
#0 D:\xampp\htdocs\UniexpoAdmin\lib\Cake\Error\ErrorHandler.php(203): ErrorHandler::handleFatalError(4, 'syntax error, u...', 'D:\\xampp\\htdocs...', 139)
#1 [internal function]: ErrorHandler::handleError(4, 'syntax error, u...', 'D:\\xampp\\htdocs...', 139, Array)
#2 D:\xampp\htdocs\UniexpoAdmin\lib\Cake\Core\App.php(929): call_user_func('ErrorHandler::h...', 4, 'syntax error, u...', 'D:\\xampp\\htdocs...', 139, Array)
#3 D:\xampp\htdocs\UniexpoAdmin\lib\Cake\Core\App.php(902): App::_checkFatalError()
#4 [internal function]: App::shutdown()
#5 {main}
2015-10-28 19:50:45 Error: [MissingControllerException] Controller class 찧Controller could not be found.
Exception Attributes: array (
  'class' => '찧Controller',
  'plugin' => NULL,
)
Request URL: /Uniexpo/UniexpoAdmin/%EF%BF%BD/%EF%BF%BD
Stack Trace:
#0 D:\xampp\htdocs\Uniexpo\UniexpoAdmin\app\webroot\index.php(108): Dispatcher->dispatch(Object(CakeRequest), Object(CakeResponse))
#1 {main}
2015-10-28 19:50:46 Error: [MissingControllerException] Controller class 찧Controller could not be found.
Exception Attributes: array (
  'class' => '찧Controller',
  'plugin' => NULL,
)
Request URL: /Uniexpo/UniexpoAdmin/%EF%BF%BD/%EF%BF%BD
Stack Trace:
#0 D:\xampp\htdocs\Uniexpo\UniexpoAdmin\app\webroot\index.php(108): Dispatcher->dispatch(Object(CakeRequest), Object(CakeResponse))
#1 {main}
2015-10-28 19:53:52 Error: [MissingControllerException] Controller class 찧Controller could not be found.
Exception Attributes: array (
  'class' => '찧Controller',
  'plugin' => NULL,
)
Request URL: /Uniexpo/UniexpoAdmin/%EF%BF%BD/%EF%BF%BD
Stack Trace:
#0 D:\xampp\htdocs\Uniexpo\UniexpoAdmin\app\webroot\index.php(108): Dispatcher->dispatch(Object(CakeRequest), Object(CakeResponse))
#1 {main}
2015-10-28 19:53:52 Error: [MissingControllerException] Controller class 찧Controller could not be found.
Exception Attributes: array (
  'class' => '찧Controller',
  'plugin' => NULL,
)
Request URL: /Uniexpo/UniexpoAdmin/%EF%BF%BD/%EF%BF%BD
Stack Trace:
#0 D:\xampp\htdocs\Uniexpo\UniexpoAdmin\app\webroot\index.php(108): Dispatcher->dispatch(Object(CakeRequest), Object(CakeResponse))
#1 {main}
2015-10-28 20:12:55 Error: [MissingControllerException] Controller class 찧Controller could not be found.
Exception Attributes: array (
  'class' => '찧Controller',
  'plugin' => NULL,
)
Request URL: /Uniexpo/UniexpoAdmin/%EF%BF%BD/%EF%BF%BD
Stack Trace:
#0 D:\xampp\htdocs\Uniexpo\UniexpoAdmin\app\webroot\index.php(108): Dispatcher->dispatch(Object(CakeRequest), Object(CakeResponse))
#1 {main}
2015-10-28 20:12:55 Error: [MissingControllerException] Controller class 찧Controller could not be found.
Exception Attributes: array (
  'class' => '찧Controller',
  'plugin' => NULL,
)
Request URL: /Uniexpo/UniexpoAdmin/%EF%BF%BD/%EF%BF%BD
Stack Trace:
#0 D:\xampp\htdocs\Uniexpo\UniexpoAdmin\app\webroot\index.php(108): Dispatcher->dispatch(Object(CakeRequest), Object(CakeResponse))
#1 {main}
2015-11-02 21:26:35 Error: [MissingControllerException] Controller class JsController could not be found.
Exception Attributes: array (
  'class' => 'JsController',
  'plugin' => NULL,
)
Request URL: /Uniexpo/UniexpoAdmin/js/lightbox-2.6.min.js
Stack Trace:
#0 D:\xampp\htdocs\Uniexpo\UniexpoAdmin\app\webroot\index.php(108): Dispatcher->dispatch(Object(CakeRequest), Object(CakeResponse))
#1 {main}
2015-11-02 21:26:41 Error: [MissingControllerException] Controller class JsController could not be found.
Exception Attributes: array (
  'class' => 'JsController',
  'plugin' => NULL,
)
Request URL: /Uniexpo/UniexpoAdmin/js/lightbox-2.6.min.js
Stack Trace:
#0 D:\xampp\htdocs\Uniexpo\UniexpoAdmin\app\webroot\index.php(108): Dispatcher->dispatch(Object(CakeRequest), Object(CakeResponse))
#1 {main}
2015-11-02 21:50:04 Error: [MissingControllerException] Controller class JsController could not be found.
Exception Attributes: array (
  'class' => 'JsController',
  'plugin' => NULL,
)
Request URL: /Uniexpo/UniexpoAdmin/js/lightbox-2.6.min.js
Stack Trace:
#0 D:\xampp\htdocs\Uniexpo\UniexpoAdmin\app\webroot\index.php(108): Dispatcher->dispatch(Object(CakeRequest), Object(CakeResponse))
#1 {main}
2015-11-02 21:54:59 Error: [MissingControllerException] Controller class JsController could not be found.
Exception Attributes: array (
  'class' => 'JsController',
  'plugin' => NULL,
)
Request URL: /Uniexpo/UniexpoAdmin/js/lightbox-2.6.min.js
Stack Trace:
#0 D:\xampp\htdocs\Uniexpo\UniexpoAdmin\app\webroot\index.php(108): Dispatcher->dispatch(Object(CakeRequest), Object(CakeResponse))
#1 {main}
2015-11-02 21:55:47 Error: [MissingControllerException] Controller class JsController could not be found.
Exception Attributes: array (
  'class' => 'JsController',
  'plugin' => NULL,
)
Request URL: /Uniexpo/UniexpoAdmin/js/lightbox-2.6.min.js
Stack Trace:
#0 D:\xampp\htdocs\Uniexpo\UniexpoAdmin\app\webroot\index.php(108): Dispatcher->dispatch(Object(CakeRequest), Object(CakeResponse))
#1 {main}
2015-11-02 22:04:28 Error: [MissingControllerException] Controller class JsController could not be found.
Exception Attributes: array (
  'class' => 'JsController',
  'plugin' => NULL,
)
Request URL: /Uniexpo/UniexpoAdmin/js/lightbox-2.6.min.js
Stack Trace:
#0 D:\xampp\htdocs\Uniexpo\UniexpoAdmin\app\webroot\index.php(108): Dispatcher->dispatch(Object(CakeRequest), Object(CakeResponse))
#1 {main}
2015-11-02 22:04:35 Error: [MissingControllerException] Controller class JsController could not be found.
Exception Attributes: array (
  'class' => 'JsController',
  'plugin' => NULL,
)
Request URL: /Uniexpo/UniexpoAdmin/js/lightbox-2.6.min.js
Stack Trace:
#0 D:\xampp\htdocs\Uniexpo\UniexpoAdmin\app\webroot\index.php(108): Dispatcher->dispatch(Object(CakeRequest), Object(CakeResponse))
#1 {main}
